2020-06-15 16:30:15 INFO: Refreshing org.springframework.context.annotation.AnnotationConfigApplicationContext@1f021e6c: startup date [Mon Jun 15 16:30:15 MSK 2020]; root of context hierarchy
2020-06-15 16:30:16 INFO: Loaded JDBC driver: com.mysql.jdbc.Driver
2020-06-15 16:30:17 INFO: Sql updater: start
2020-06-15 16:30:18 INFO: Sql updater: get queries
2020-06-15 16:30:18 INFO: Sql updater: execute udate query: ALTER TABLE `tender`
        ADD COLUMN `alert` CHAR(1) NOT NULL DEFAULT 'N' AFTER `category_id`
2020-06-15 16:30:48 INFO: Refreshing org.springframework.context.annotation.AnnotationConfigApplicationContext@3d8314f0: startup date [Mon Jun 15 16:30:48 MSK 2020]; root of context hierarchy
2020-06-15 16:30:49 INFO: Loaded JDBC driver: com.mysql.jdbc.Driver
2020-06-15 16:30:49 INFO: Sql updater: start
2020-06-15 16:30:51 INFO: Sql updater: get queries
2020-06-15 16:30:51 INFO: Sql updater: execute udate query: ALTER TABLE `tender`
        ADD COLUMN `alert` CHAR(1) NOT NULL DEFAULT 'N' AFTER `category_id`
2020-06-15 16:31:01 INFO: Refreshing org.springframework.context.annotation.AnnotationConfigApplicationContext@23a5fd2: startup date [Mon Jun 15 16:31:01 MSK 2020]; root of context hierarchy
2020-06-15 16:31:03 INFO: Loaded JDBC driver: com.mysql.jdbc.Driver
2020-06-15 16:31:04 INFO: Sql updater: start
2020-06-15 16:31:28 INFO: Sql updater: get queries
2020-06-15 16:31:40 INFO: Sql updater: execute udate query: ALTER TABLE `tender`
        ADD COLUMN `alert` CHAR(1) NOT NULL DEFAULT 'N' AFTER `category_id`
2020-06-15 16:34:08 INFO: Refreshing org.springframework.context.annotation.AnnotationConfigApplicationContext@3d8314f0: startup date [Mon Jun 15 16:34:08 MSK 2020]; root of context hierarchy
2020-06-15 16:34:09 INFO: Loaded JDBC driver: com.mysql.jdbc.Driver
2020-06-15 16:34:10 INFO: Sql updater: start
2020-06-15 16:34:12 INFO: Sql updater: get queries
2020-06-15 16:34:12 INFO: Sql updater: execute udate query: ALTER TABLE `LOT`
        ADD COLUMN `alert` CHAR(1) NOT NULL DEFAULT 'N' AFTER `category_id`
2020-06-15 16:34:12 INFO: Sql updater: execute udate query: ALTER TABLE `TENDER`
        ADD COLUMN `alert` CHAR(1) NOT NULL DEFAULT 'N' AFTER `category_id`
2020-06-15 16:34:12 INFO: Sql updater: execute udate query: ALTER TABLE `DEAL`
        ADD COLUMN `seller_alert` VARCHAR(1) NOT NULL DEFAULT 'N' AFTER `category_id`,
        ADD COLUMN `buyer_alert` VARCHAR(1) NOT NULL DEFAULT 'N' AFTER `seller_alert`
2020-06-15 16:34:12 INFO: Sql updater: execute udate query: INSERT INTO LABEL (`category`, `name`, `en_us`, `ru_ru`, `pl`) VALUES ('lot', 'expired', 'Some of your sell requests are out of date and will not take a part in future trade sessions. They are still in your list as drafts.', 'Некоторые из Ваших заявок на продажу устарели и блольше не будут участвовать в торгах. Они всё ещё присутвтвуют в вашем списке как черновики.', 'Twoi oferty sprzedaży wygasłi i nie zostanie wystawiony w przyszłych sesjach handlowych. ');
2020-06-15 16:34:12 INFO: Sql updater: execute udate query: INSERT INTO LABEL.`label` (`category`, `name`, `en_us`, `ru_ru`, `pl`) VALUES ('tender', 'expired', 'Some of your buy requests are out of date and will not take a part in future trade sessions. They are still in your list as drafts.', 'Некоторые из Вашых заявок на покупку устарели и блольше не будут участвовать в торгах. Они всё ещё присутвтвуют в вашем списке как черновики.', 'Twoi oferty kupna wygasłi i nie zostanie wystawiony w przyszłych sesjach handlowych. ');
2020-06-15 16:34:44 INFO: Refreshing org.springframework.context.annotation.AnnotationConfigApplicationContext@2bea5ab4: startup date [Mon Jun 15 16:34:44 MSK 2020]; root of context hierarchy
2020-06-15 16:34:45 INFO: Loaded JDBC driver: com.mysql.jdbc.Driver
2020-06-15 16:34:45 INFO: Sql updater: start
2020-06-15 16:34:47 INFO: Sql updater: get queries
2020-06-15 16:34:47 INFO: Sql updater: execute udate query: ALTER TABLE `LOT`
        ADD COLUMN `alert` CHAR(1) NOT NULL DEFAULT 'N' AFTER `category_id`
2020-06-15 16:35:44 INFO: Refreshing org.springframework.context.annotation.AnnotationConfigApplicationContext@23a5fd2: startup date [Mon Jun 15 16:35:44 MSK 2020]; root of context hierarchy
2020-06-15 16:35:46 INFO: Loaded JDBC driver: com.mysql.jdbc.Driver
2020-06-15 16:35:46 INFO: Sql updater: start
2020-06-15 16:35:51 INFO: Sql updater: get queries
2020-06-15 16:35:51 INFO: Sql updater: execute udate query: ALTER TABLE `LOT`
        ADD COLUMN `alert` CHAR(1) NOT NULL DEFAULT 'N' AFTER `category_id`
2020-06-16 14:09:32 INFO: Refreshing org.springframework.context.annotation.AnnotationConfigApplicationContext@23a5fd2: startup date [Tue Jun 16 14:09:32 MSK 2020]; root of context hierarchy
2020-06-16 14:09:35 INFO: Loaded JDBC driver: com.mysql.jdbc.Driver
2020-06-16 14:09:37 INFO: Sql updater: start
2020-06-16 14:09:39 INFO: Sql updater: get queries
2020-06-16 14:09:39 INFO: Sql updater: execute udate query: ALTER TABLE `LOT`
        ADD COLUMN `alert` CHAR(1) NOT NULL DEFAULT 'N' AFTER `category_id`
2020-06-16 14:48:13 INFO: Refreshing org.springframework.context.annotation.AnnotationConfigApplicationContext@23a5fd2: startup date [Tue Jun 16 14:48:13 MSK 2020]; root of context hierarchy
2020-06-16 14:48:15 INFO: Loaded JDBC driver: com.mysql.jdbc.Driver
2020-06-16 14:48:15 INFO: Sql updater: start
2020-06-16 14:48:17 INFO: Sql updater: get queries
2020-06-16 14:48:17 INFO: Sql updater: execute udate query: ALTER TABLE `LOT`
        ADD COLUMN `alert` CHAR(1) NOT NULL DEFAULT 'N' AFTER `category_id`
