2017-08-22 15:03:50,087 [INFO ][main            ][roller.AccountResourceController] - exection AccountResourceController.editAccount
2017-08-22 15:03:51,502 [INFO ][main            ][roller.AccountResourceController] - {"id":0,"login":"Admin","password":"1","companyId":1}
2017-08-22 15:03:55,410 [INFO ][main            ][roller.AccountResourceController] - {"id":0,"name":"Test","email":"@test","phone":"123434ewr","regNumber":"dsfdsf324324","country":"sdfbe","city":"Minsk","status":"NOT_VERIFIED"}
2017-08-22 15:04:01,711 [INFO ][main            ][roller.AccountResourceController] - com.bigroi.stock.jsontest.AccountgoEditAccount$1@1a0dcaa
2017-08-22 15:05:36,827 [INFO ][main            ][roller.AccountResourceController] - exection AccountResourceController.editAccount
2017-08-22 15:05:36,834 [INFO ][main            ][roller.AccountResourceController] - {"id":0,"login":"Admin","password":"1","companyId":1}
2017-08-22 15:05:36,834 [INFO ][main            ][roller.AccountResourceController] - {"id":0,"name":"Test","email":"@test","phone":"123434ewr","regNumber":"dsfdsf324324","country":"sdfbe","city":"Minsk","status":"NOT_VERIFIED"}
2017-08-22 15:05:36,834 [INFO ][main            ][roller.AccountResourceController] - com.bigroi.stock.jsontest.AccountgoEditAccount$1@1a0dcaa
2017-08-22 15:09:00,252 [INFO ][main            ][roller.AccountResourceController] - exection AccountResourceController.editAccount
2017-08-22 15:09:00,260 [INFO ][main            ][roller.AccountResourceController] - {"id":0,"login":"Admin","password":"1","companyId":1}
2017-08-22 15:09:00,260 [INFO ][main            ][roller.AccountResourceController] - {"id":0,"name":"Test","email":"@test","phone":"123434ewr","regNumber":"dsfdsf324324","country":"sdfbe","city":"Minsk","status":"NOT_VERIFIED"}
2017-08-22 15:09:00,260 [INFO ][main            ][roller.AccountResourceController] - com.bigroi.stock.jsontest.AccountgoEditAccount$1@1a0dcaa
2017-08-22 15:11:58,367 [INFO ][main            ][roller.AccountResourceController] - exection AccountResourceController.editAccount
2017-08-22 15:11:58,375 [INFO ][main            ][roller.AccountResourceController] - {"id":0,"login":"Admin","password":"1","companyId":1}
2017-08-22 15:11:58,382 [INFO ][main            ][roller.AccountResourceController] - {"id":0,"name":"Test","email":"@test","phone":"123434ewr","regNumber":"dsfdsf324324","country":"sdfbe","city":"Minsk","status":"NOT_VERIFIED"}
2017-08-22 15:11:58,382 [INFO ][main            ][roller.AccountResourceController] - com.bigroi.stock.jsontest.AccountgoEditAccount$1@1a0dcaa
2017-08-22 15:14:14,272 [INFO ][main            ][.bigroi.stock.dao.db.UserDaoImpl] - exection UserDaoImpl.updateById
2017-08-22 15:14:14,280 [INFO ][main            ][.bigroi.stock.dao.db.UserDaoImpl] - User [id=0, login=Admin, password=1, companyId=1]
2017-08-22 15:14:14,562 [INFO ][main            ][.bigroi.stock.dao.db.UserDaoImpl] - exection UserDaoImpl.updateById successfully finished
2017-08-22 15:14:40,437 [INFO ][main            ][groi.stock.dao.db.CompanyDaoImpl] - exection CompanyDaoImpl.updateById
2017-08-22 15:14:40,437 [INFO ][main            ][groi.stock.dao.db.CompanyDaoImpl] - Company [id=0, name=Test, email=@test, phone=123434ewr, regNumber=dsfdsf324324, country=sdfbe, city=Minsk, status=NOT_VERIFIED]
2017-08-22 15:14:40,445 [INFO ][main            ][groi.stock.dao.db.CompanyDaoImpl] - exection CompanyDaoImpl.updateById successfully finished
2017-08-22 15:14:54,211 [INFO ][main            ][roller.AccountResourceController] - execution AccountResourceController.goToAccountPage
2017-08-22 15:14:54,219 [INFO ][main            ][roller.AccountResourceController] - com.bigroi.stock.jsontest.AccountgoEditAccount$1@1a0dcaa
2017-08-22 15:14:54,227 [INFO ][main            ][groi.stock.dao.db.CompanyDaoImpl] - exection CompanyDaoImpl.getById
2017-08-22 15:14:54,235 [INFO ][main            ][groi.stock.dao.db.CompanyDaoImpl] - 0
2017-08-22 15:14:55,221 [INFO ][main            ][groi.stock.dao.db.CompanyDaoImpl] - exection CompanyDaoImpl.getById return null, successfully finished
2017-08-22 15:14:55,229 [INFO ][main            ][roller.AccountResourceController] - execution AccountResourceController.goToAccountPage successfully finished
2017-08-22 15:15:49,596 [INFO ][main            ][roller.AccountResourceController] - exection AccountResourceController.editAccount successfully finished
2017-08-22 15:18:16,989 [INFO ][main            ][roller.AccountResourceController] - exection AccountResourceController.editAccount
2017-08-22 15:18:16,997 [INFO ][main            ][roller.AccountResourceController] - {"id":0,"login":"Admin","password":"1","companyId":1}
2017-08-22 15:18:16,997 [INFO ][main            ][roller.AccountResourceController] - {"id":0,"name":"Test","email":"@test","phone":"123434ewr","regNumber":"dsfdsf324324","country":"sdfbe","city":"Minsk","status":"NOT_VERIFIED"}
2017-08-22 15:18:17,004 [INFO ][main            ][roller.AccountResourceController] - com.bigroi.stock.jsontest.AccountgoEditAccount$1@1464ce8
2017-08-22 15:18:20,364 [INFO ][main            ][.bigroi.stock.dao.db.UserDaoImpl] - exection UserDaoImpl.updateById
2017-08-22 15:18:20,364 [INFO ][main            ][.bigroi.stock.dao.db.UserDaoImpl] - User [id=0, login=Admin, password=1, companyId=1]
2017-08-22 15:18:20,395 [INFO ][main            ][.bigroi.stock.dao.db.UserDaoImpl] - exection UserDaoImpl.updateById successfully finished
2017-08-22 15:18:21,481 [INFO ][main            ][groi.stock.dao.db.CompanyDaoImpl] - exection CompanyDaoImpl.updateById
2017-08-22 15:18:21,481 [INFO ][main            ][groi.stock.dao.db.CompanyDaoImpl] - Company [id=0, name=Test, email=@test, phone=123434ewr, regNumber=dsfdsf324324, country=sdfbe, city=Minsk, status=NOT_VERIFIED]
2017-08-22 15:18:21,481 [INFO ][main            ][groi.stock.dao.db.CompanyDaoImpl] - exection CompanyDaoImpl.updateById successfully finished
2017-08-22 15:18:21,532 [INFO ][main            ][roller.AccountResourceController] - execution AccountResourceController.goToAccountPage
2017-08-22 15:18:21,532 [INFO ][main            ][roller.AccountResourceController] - com.bigroi.stock.jsontest.AccountgoEditAccount$1@1464ce8
2017-08-22 15:18:21,532 [INFO ][main            ][groi.stock.dao.db.CompanyDaoImpl] - exection CompanyDaoImpl.getById
2017-08-22 15:18:21,532 [INFO ][main            ][groi.stock.dao.db.CompanyDaoImpl] - 0
2017-08-22 15:18:21,735 [INFO ][main            ][groi.stock.dao.db.CompanyDaoImpl] - exection CompanyDaoImpl.getById return null, successfully finished
2017-08-22 15:18:21,743 [INFO ][main            ][roller.AccountResourceController] - execution AccountResourceController.goToAccountPage successfully finished
2017-08-22 15:18:21,750 [INFO ][main            ][roller.AccountResourceController] - exection AccountResourceController.editAccount successfully finished
2017-08-22 15:19:07,834 [INFO ][main            ][roller.AccountResourceController] - exection AccountResourceController.editAccount
2017-08-22 15:19:07,842 [INFO ][main            ][roller.AccountResourceController] - {"id":0,"login":"Admin","password":"1","companyId":1}
2017-08-22 15:19:07,842 [INFO ][main            ][roller.AccountResourceController] - {"id":0,"name":"Test","email":"@test","phone":"123434ewr","regNumber":"dsfdsf324324","country":"sdfbe","city":"Minsk","status":"NOT_VERIFIED"}
2017-08-22 15:19:07,842 [INFO ][main            ][roller.AccountResourceController] - com.bigroi.stock.jsontest.AccountgoEditAccount$1@1a0dcaa
2017-08-22 15:20:58,526 [INFO ][main            ][.bigroi.stock.dao.db.UserDaoImpl] - exection UserDaoImpl.updateById
2017-08-22 15:20:58,542 [INFO ][main            ][.bigroi.stock.dao.db.UserDaoImpl] - User [id=0, login=Admin, password=1, companyId=1]
2017-08-22 15:20:58,730 [INFO ][main            ][.bigroi.stock.dao.db.UserDaoImpl] - exection UserDaoImpl.updateById successfully finished
2017-08-22 15:21:30,478 [INFO ][main            ][groi.stock.dao.db.CompanyDaoImpl] - exection CompanyDaoImpl.updateById
2017-08-22 15:21:30,478 [INFO ][main            ][groi.stock.dao.db.CompanyDaoImpl] - Company [id=0, name=Test, email=@test, phone=123434ewr, regNumber=dsfdsf324324, country=sdfbe, city=Minsk, status=NOT_VERIFIED]
2017-08-22 15:21:30,486 [INFO ][main            ][groi.stock.dao.db.CompanyDaoImpl] - exection CompanyDaoImpl.updateById successfully finished
2017-08-22 15:21:32,758 [INFO ][main            ][roller.AccountResourceController] - execution AccountResourceController.goToAccountPage
2017-08-22 15:21:32,766 [INFO ][main            ][roller.AccountResourceController] - com.bigroi.stock.jsontest.AccountgoEditAccount$1@1a0dcaa
2017-08-22 15:21:32,774 [INFO ][main            ][groi.stock.dao.db.CompanyDaoImpl] - exection CompanyDaoImpl.getById
2017-08-22 15:21:32,782 [INFO ][main            ][groi.stock.dao.db.CompanyDaoImpl] - 0
2017-08-22 15:21:33,660 [INFO ][main            ][groi.stock.dao.db.CompanyDaoImpl] - exection CompanyDaoImpl.getById return null, successfully finished
2017-08-22 15:21:33,667 [INFO ][main            ][roller.AccountResourceController] - execution AccountResourceController.goToAccountPage successfully finished
2017-08-22 15:21:54,911 [INFO ][main            ][roller.AccountResourceController] - exection AccountResourceController.editAccount successfully finished
2017-08-22 15:24:41,169 [INFO ][main            ][roller.AccountResourceController] - exection AccountResourceController.editAccount
2017-08-22 15:24:41,177 [INFO ][main            ][roller.AccountResourceController] - {"id":0,"login":"Admin","password":"1","companyId":1}
2017-08-22 15:24:41,177 [INFO ][main            ][roller.AccountResourceController] - {"id":0,"name":"Test","email":"@test","phone":"123434ewr","regNumber":"dsfdsf324324","country":"sdfbe","city":"Minsk","status":"NOT_VERIFIED"}
2017-08-22 15:24:41,177 [INFO ][main            ][roller.AccountResourceController] - com.bigroi.stock.jsontest.AccountgoEditAccount$1@1a0dcaa
2017-08-22 15:26:31,212 [INFO ][main            ][.bigroi.stock.dao.db.UserDaoImpl] - exection UserDaoImpl.updateById
2017-08-22 15:26:31,220 [INFO ][main            ][.bigroi.stock.dao.db.UserDaoImpl] - User [id=0, login=Admin, password=1, companyId=1]
2017-08-22 15:26:31,377 [INFO ][main            ][.bigroi.stock.dao.db.UserDaoImpl] - exection UserDaoImpl.updateById successfully finished
2017-08-22 15:49:37,898 [INFO ][main            ][groi.stock.dao.db.CompanyDaoImpl] - exection CompanyDaoImpl.updateById
2017-08-22 15:49:37,906 [INFO ][main            ][groi.stock.dao.db.CompanyDaoImpl] - Company [id=0, name=Test, email=@test, phone=123434ewr, regNumber=dsfdsf324324, country=sdfbe, city=Minsk, status=NOT_VERIFIED]
2017-08-22 15:49:37,914 [INFO ][main            ][groi.stock.dao.db.CompanyDaoImpl] - exection CompanyDaoImpl.updateById successfully finished
2017-08-22 15:49:49,366 [INFO ][main            ][roller.AccountResourceController] - exection AccountResourceController.editAccount successfully finished
2017-08-22 15:50:16,835 [INFO ][main            ][roller.AccountResourceController] - execution AccountResourceController.goToAccountPage
2017-08-22 15:50:16,835 [INFO ][main            ][roller.AccountResourceController] - com.bigroi.stock.jsontest.AccountgoEditAccount$1@1a0dcaa
2017-08-22 15:50:16,843 [INFO ][main            ][groi.stock.dao.db.CompanyDaoImpl] - exection CompanyDaoImpl.getById
2017-08-22 15:50:16,851 [INFO ][main            ][groi.stock.dao.db.CompanyDaoImpl] - 0
2017-08-22 15:50:17,696 [INFO ][main            ][groi.stock.dao.db.CompanyDaoImpl] - exection CompanyDaoImpl.getById return null, successfully finished
2017-08-22 15:50:17,704 [INFO ][main            ][roller.AccountResourceController] - execution AccountResourceController.goToAccountPage successfully finished
2017-08-22 15:51:11,671 [INFO ][main            ][roller.AccountResourceController] - exection AccountResourceController.editAccount
2017-08-22 15:51:11,679 [INFO ][main            ][roller.AccountResourceController] - {"id":0,"login":"Admin","password":"1","companyId":1}
2017-08-22 15:51:11,679 [INFO ][main            ][roller.AccountResourceController] - {"id":0,"name":"Test","email":"@test","phone":"123434ewr","regNumber":"dsfdsf324324","country":"sdfbe","city":"Minsk","status":"NOT_VERIFIED"}
2017-08-22 15:51:11,679 [INFO ][main            ][roller.AccountResourceController] - com.bigroi.stock.jsontest.AccountgoEditAccount$1@1464ce8
2017-08-22 15:51:16,096 [INFO ][main            ][.bigroi.stock.dao.db.UserDaoImpl] - exection UserDaoImpl.updateById
2017-08-22 15:51:16,096 [INFO ][main            ][.bigroi.stock.dao.db.UserDaoImpl] - User [id=0, login=Admin, password=1, companyId=1]
2017-08-22 15:51:16,135 [INFO ][main            ][.bigroi.stock.dao.db.UserDaoImpl] - exection UserDaoImpl.updateById successfully finished
2017-08-22 15:51:17,228 [INFO ][main            ][groi.stock.dao.db.CompanyDaoImpl] - exection CompanyDaoImpl.updateById
2017-08-22 15:51:17,228 [INFO ][main            ][groi.stock.dao.db.CompanyDaoImpl] - Company [id=0, name=Test, email=@test, phone=123434ewr, regNumber=dsfdsf324324, country=sdfbe, city=Minsk, status=NOT_VERIFIED]
2017-08-22 15:51:17,228 [INFO ][main            ][groi.stock.dao.db.CompanyDaoImpl] - exection CompanyDaoImpl.updateById successfully finished
2017-08-22 15:51:17,284 [INFO ][main            ][roller.AccountResourceController] - exection AccountResourceController.editAccount successfully finished
2017-08-22 15:51:17,291 [INFO ][main            ][roller.AccountResourceController] - execution AccountResourceController.goToAccountPage
2017-08-22 15:51:17,291 [INFO ][main            ][roller.AccountResourceController] - com.bigroi.stock.jsontest.AccountgoEditAccount$1@1464ce8
2017-08-22 15:51:17,291 [INFO ][main            ][groi.stock.dao.db.CompanyDaoImpl] - exection CompanyDaoImpl.getById
2017-08-22 15:51:17,291 [INFO ][main            ][groi.stock.dao.db.CompanyDaoImpl] - 0
2017-08-22 15:51:17,513 [INFO ][main            ][groi.stock.dao.db.CompanyDaoImpl] - exection CompanyDaoImpl.getById return null, successfully finished
2017-08-22 15:51:17,514 [INFO ][main            ][roller.AccountResourceController] - execution AccountResourceController.goToAccountPage successfully finished
2017-08-22 15:56:20,302 [INFO ][main            ][roller.AccountResourceController] - execution AccountResourceController.goToAccountPage
2017-08-22 15:56:20,310 [INFO ][main            ][roller.AccountResourceController] - com.bigroi.stock.jsontest.AccountgoToAccountPageJson$1@183da2e
2017-08-22 16:00:26,387 [INFO ][main            ][roller.AccountResourceController] - execution AccountResourceController.goToAccountPage
2017-08-22 16:00:26,395 [INFO ][main            ][roller.AccountResourceController] - com.bigroi.stock.jsontest.AccountgoToAccountPageJson$1@7b636c
2017-08-22 16:02:44,825 [INFO ][main            ][groi.stock.dao.db.CompanyDaoImpl] - exection CompanyDaoImpl.getById
2017-08-22 16:02:44,833 [INFO ][main            ][groi.stock.dao.db.CompanyDaoImpl] - 1
2017-08-22 16:02:48,794 [INFO ][main            ][groi.stock.dao.db.CompanyDaoImpl] - exection CompanyDaoImpl.getById return companys.get(0), successfully finished
2017-08-22 16:03:15,208 [INFO ][main            ][roller.AccountResourceController] - execution AccountResourceController.goToAccountPage successfully finished
2017-08-22 16:04:17,565 [INFO ][main            ][roller.AccountResourceController] - execution AccountResourceController.goToAccountPage
2017-08-22 16:04:17,573 [INFO ][main            ][roller.AccountResourceController] - com.bigroi.stock.jsontest.AccountgoToAccountPageJson$1@d64342
2017-08-22 16:04:21,059 [INFO ][main            ][groi.stock.dao.db.CompanyDaoImpl] - exection CompanyDaoImpl.getById
2017-08-22 16:04:21,059 [INFO ][main            ][groi.stock.dao.db.CompanyDaoImpl] - 1
2017-08-22 16:04:22,445 [INFO ][main            ][groi.stock.dao.db.CompanyDaoImpl] - exection CompanyDaoImpl.getById return companys.get(0), successfully finished
2017-08-22 16:04:22,453 [INFO ][main            ][roller.AccountResourceController] - execution AccountResourceController.goToAccountPage successfully finished
2017-08-22 16:20:54,712 [INFO ][main            ][troller.AccessResourceController] - exection AccessResourceController.registration
2017-08-22 16:20:54,720 [INFO ][main            ][troller.AccessResourceController] - {"id":0,"login":"Admin111","password":"111","companyId":0}
2017-08-22 16:20:54,720 [INFO ][main            ][troller.AccessResourceController] - {"id":0,"name":"Test","email":"@test","phone":"123434ewr","regNumber":"dsfdsf324324","country":"sdfbe","city":"Minsk","status":"NOT_VERIFIED"}
2017-08-22 16:20:54,720 [INFO ][main            ][troller.AccessResourceController] - com.bigroi.stock.jsontest.AccessRegistrationJson$1@1a0dcaa
2017-08-22 16:21:15,095 [INFO ][main            ][troller.AccessResourceController] - exection AccessResourceController.getUser
2017-08-22 16:21:15,103 [INFO ][main            ][troller.AccessResourceController] - Admin111
2017-08-22 16:21:15,103 [INFO ][main            ][troller.AccessResourceController] - exection AccessResourceController.getUser successfully finished
2017-08-22 16:21:27,712 [INFO ][main            ][.bigroi.stock.dao.db.UserDaoImpl] - exection UserDaoImpl.getByLogin
2017-08-22 16:21:27,729 [INFO ][main            ][.bigroi.stock.dao.db.UserDaoImpl] - Admin111
2017-08-22 16:21:31,238 [INFO ][main            ][.bigroi.stock.dao.db.UserDaoImpl] - exection UserDaoImpl.getByLogin return null, successfully finished
2017-08-22 16:22:01,886 [INFO ][main            ][groi.stock.dao.db.CompanyDaoImpl] - exection CompanyDaoImpl.add
2017-08-22 16:22:01,894 [INFO ][main            ][groi.stock.dao.db.CompanyDaoImpl] - Company [id=0, name=Test, email=@test, phone=123434ewr, regNumber=dsfdsf324324, country=sdfbe, city=Minsk, status=NOT_VERIFIED]
2017-08-22 16:22:02,450 [INFO ][main            ][groi.stock.dao.db.CompanyDaoImpl] - exection CompanyDaoImpl.add successfully finished
2017-08-22 16:23:00,608 [INFO ][main            ][.bigroi.stock.dao.db.UserDaoImpl] - exection UserDaoImpl.add
2017-08-22 16:23:00,616 [INFO ][main            ][.bigroi.stock.dao.db.UserDaoImpl] - User [id=0, login=Admin111, password=111, companyId=0]
2017-08-22 16:24:30,885 [INFO ][main            ][troller.AccessResourceController] - exection AccessResourceController.registration
2017-08-22 16:24:30,885 [INFO ][main            ][troller.AccessResourceController] - {"id":0,"login":"Admin111","password":"111","companyId":1}
2017-08-22 16:24:30,893 [INFO ][main            ][troller.AccessResourceController] - {"id":0,"name":"Test","email":"@test","phone":"123434ewr","regNumber":"dsfdsf324324","country":"sdfbe","city":"Minsk","status":"NOT_VERIFIED"}
2017-08-22 16:24:30,893 [INFO ][main            ][troller.AccessResourceController] - com.bigroi.stock.jsontest.AccessRegistrationJson$1@1a0dcaa
2017-08-22 16:24:38,537 [INFO ][main            ][troller.AccessResourceController] - exection AccessResourceController.getUser
2017-08-22 16:24:38,544 [INFO ][main            ][troller.AccessResourceController] - Admin111
2017-08-22 16:24:38,544 [INFO ][main            ][troller.AccessResourceController] - exection AccessResourceController.getUser successfully finished
2017-08-22 16:24:50,907 [INFO ][main            ][.bigroi.stock.dao.db.UserDaoImpl] - exection UserDaoImpl.getByLogin
2017-08-22 16:24:50,915 [INFO ][main            ][.bigroi.stock.dao.db.UserDaoImpl] - Admin111
2017-08-22 16:24:54,466 [INFO ][main            ][.bigroi.stock.dao.db.UserDaoImpl] - exection UserDaoImpl.getByLogin return null, successfully finished
2017-08-22 16:25:14,130 [INFO ][main            ][groi.stock.dao.db.CompanyDaoImpl] - exection CompanyDaoImpl.add
2017-08-22 16:25:14,146 [INFO ][main            ][groi.stock.dao.db.CompanyDaoImpl] - Company [id=0, name=Test, email=@test, phone=123434ewr, regNumber=dsfdsf324324, country=sdfbe, city=Minsk, status=NOT_VERIFIED]
2017-08-22 16:25:14,392 [INFO ][main            ][groi.stock.dao.db.CompanyDaoImpl] - exection CompanyDaoImpl.add successfully finished
2017-08-22 16:25:56,932 [INFO ][main            ][.bigroi.stock.dao.db.UserDaoImpl] - exection UserDaoImpl.add
2017-08-22 16:25:56,940 [INFO ][main            ][.bigroi.stock.dao.db.UserDaoImpl] - User [id=0, login=Admin111, password=111, companyId=1]
2017-08-22 16:25:57,125 [INFO ][main            ][.bigroi.stock.dao.db.UserDaoImpl] - exection UserDaoImpl.add successfully finished
2017-08-22 16:26:20,673 [INFO ][main            ][troller.AccessResourceController] - exection AccessResourceController.registration successfully finished
2017-08-22 16:45:01,333 [INFO ][main            ][controller.LotResourseController] - exection LotResourseController.myLotList
2017-08-22 16:45:01,341 [INFO ][main            ][controller.LotResourseController] - {"id":0,"login":"Admin","password":"1","companyId":1}
2017-08-22 16:45:01,341 [INFO ][main            ][controller.LotResourseController] - com.bigroi.stock.jsontest.LotMyLotList$1@1dd4eda
2017-08-22 16:46:45,772 [INFO ][main            ][m.bigroi.stock.dao.db.LotDaoImpl] - exection LotDaoImpl.getBySellerId
2017-08-22 16:46:45,780 [INFO ][main            ][m.bigroi.stock.dao.db.LotDaoImpl] - 1
2017-08-22 16:48:20,282 [INFO ][main            ][controller.LotResourseController] - exection LotResourseController.myLotList
2017-08-22 16:48:20,290 [INFO ][main            ][controller.LotResourseController] - {"id":0,"login":"Admin","password":"1","companyId":1}
2017-08-22 16:48:20,290 [INFO ][main            ][controller.LotResourseController] - com.bigroi.stock.jsontest.LotMyLotList$1@1dd4eda
2017-08-22 16:50:21,802 [INFO ][main            ][m.bigroi.stock.dao.db.LotDaoImpl] - exection LotDaoImpl.getBySellerId
2017-08-22 16:50:21,802 [INFO ][main            ][m.bigroi.stock.dao.db.LotDaoImpl] - 1
2017-08-22 16:52:33,415 [INFO ][main            ][controller.LotResourseController] - exection LotResourseController.myLotList
2017-08-22 16:52:33,422 [INFO ][main            ][controller.LotResourseController] - {"id":0,"login":"Admin","password":"1","companyId":1}
2017-08-22 16:52:33,422 [INFO ][main            ][controller.LotResourseController] - com.bigroi.stock.jsontest.LotMyLotList$1@1dd4eda
2017-08-22 16:52:57,199 [INFO ][main            ][controller.LotResourseController] - exection LotResourseController.myLotList successfully finished
2017-08-22 16:54:15,103 [INFO ][main            ][m.bigroi.stock.dao.db.LotDaoImpl] - exection LotDaoImpl.getBySellerId
2017-08-22 16:54:15,111 [INFO ][main            ][m.bigroi.stock.dao.db.LotDaoImpl] - 1
2017-08-22 17:24:36,928 [INFO ][main            ][controller.LotResourseController] - exection LotResourseController.myLotList
2017-08-22 17:24:36,936 [INFO ][main            ][controller.LotResourseController] - {"id":0,"login":"Admin","password":"1","companyId":1}
2017-08-22 17:24:36,936 [INFO ][main            ][controller.LotResourseController] - com.bigroi.stock.jsontest.LotMyLotList$1@1dd4eda
2017-08-22 17:26:21,376 [INFO ][main            ][m.bigroi.stock.dao.db.LotDaoImpl] - exection LotDaoImpl.getBySellerId
2017-08-22 17:26:21,386 [INFO ][main            ][m.bigroi.stock.dao.db.LotDaoImpl] - 1
2017-08-22 17:33:53,947 [INFO ][main            ][controller.LotResourseController] - exection LotResourseController.myLotList
2017-08-22 17:33:53,955 [INFO ][main            ][controller.LotResourseController] - {"id":0,"login":"Admin","password":"1","companyId":0}
2017-08-22 17:33:53,955 [INFO ][main            ][controller.LotResourseController] - com.bigroi.stock.jsontest.LotMyLotList$1@1dd4eda
2017-08-22 17:35:35,740 [INFO ][main            ][m.bigroi.stock.dao.db.LotDaoImpl] - exection LotDaoImpl.getBySellerId
2017-08-22 17:35:35,747 [INFO ][main            ][m.bigroi.stock.dao.db.LotDaoImpl] - 0
2017-08-22 17:40:10,665 [INFO ][main            ][m.bigroi.stock.dao.db.LotDaoImpl] - exection LotDaoImpl.getBySellerId
2017-08-22 17:40:10,665 [INFO ][main            ][m.bigroi.stock.dao.db.LotDaoImpl] - 1
2017-08-22 17:41:26,495 [INFO ][main            ][m.bigroi.stock.dao.db.LotDaoImpl] - exection LotDaoImpl.getBySellerId
2017-08-22 17:41:26,495 [INFO ][main            ][m.bigroi.stock.dao.db.LotDaoImpl] - 1
2017-08-22 17:44:20,314 [INFO ][main            ][m.bigroi.stock.dao.db.LotDaoImpl] - exection LotDaoImpl.getBySellerId
2017-08-22 17:44:20,322 [INFO ][main            ][m.bigroi.stock.dao.db.LotDaoImpl] - 1
2017-08-22 17:44:21,462 [INFO ][main            ][.bigroi.stock.dao.db.UserDaoImpl] - [Lot [id=1, description=картоха 2017, poductId=1, minPrice=2.0, salerId=1, expDate=2016-06-26, status=EXPIRED, volumeOfLot=110], Lot [id=3, description=киви, poductId=111, minPrice=5.0, salerId=1, expDate=2017-06-28, status=IN_GAME, volumeOfLot=120], Lot [id=4, description=креветки, poductId=1, minPrice=110.0, salerId=1, expDate=2017-07-10, status=DRAFT, volumeOfLot=130]]
2017-08-22 17:44:21,462 [INFO ][main            ][m.bigroi.stock.dao.db.LotDaoImpl] - exection LotDaoImpl.getBySellerId successfully finished
2017-08-22 17:45:04,344 [INFO ][main            ][controller.LotResourseController] - exection LotResourseController.myLotList
2017-08-22 17:45:04,352 [INFO ][main            ][controller.LotResourseController] - {"id":0,"login":"Admin","password":"1","companyId":1}
2017-08-22 17:45:04,352 [INFO ][main            ][controller.LotResourseController] - com.bigroi.stock.jsontest.LotMyLotList$1@1dd4eda
2017-08-22 17:46:27,237 [INFO ][main            ][m.bigroi.stock.dao.db.LotDaoImpl] - exection LotDaoImpl.getBySellerId
2017-08-22 17:46:27,237 [INFO ][main            ][m.bigroi.stock.dao.db.LotDaoImpl] - 1
2017-08-22 17:46:30,025 [INFO ][main            ][.bigroi.stock.dao.db.UserDaoImpl] - [Lot [id=1, description=картоха 2017, poductId=1, minPrice=2.0, salerId=1, expDate=2016-06-26, status=EXPIRED, volumeOfLot=110], Lot [id=3, description=киви, poductId=111, minPrice=5.0, salerId=1, expDate=2017-06-28, status=IN_GAME, volumeOfLot=120], Lot [id=4, description=креветки, poductId=1, minPrice=110.0, salerId=1, expDate=2017-07-10, status=DRAFT, volumeOfLot=130]]
2017-08-22 17:46:30,041 [INFO ][main            ][m.bigroi.stock.dao.db.LotDaoImpl] - exection LotDaoImpl.getBySellerId successfully finished
2017-08-22 17:46:51,171 [INFO ][main            ][controller.LotResourseController] - exection LotResourseController.myLotList successfully finished
