2017-08-22 15:03:50,087 [INFO ][main            ][roller.AccountResourceController] - exection AccountResourceController.editAccount
2017-08-22 15:03:51,502 [INFO ][main            ][roller.AccountResourceController] - {"id":0,"login":"Admin","password":"1","companyId":1}
2017-08-22 15:03:55,410 [INFO ][main            ][roller.AccountResourceController] - {"id":0,"name":"Test","email":"@test","phone":"123434ewr","regNumber":"dsfdsf324324","country":"sdfbe","city":"Minsk","status":"NOT_VERIFIED"}
2017-08-22 15:04:01,711 [INFO ][main            ][roller.AccountResourceController] - com.bigroi.stock.jsontest.AccountgoEditAccount$1@1a0dcaa
2017-08-22 15:05:36,827 [INFO ][main            ][roller.AccountResourceController] - exection AccountResourceController.editAccount
2017-08-22 15:05:36,834 [INFO ][main            ][roller.AccountResourceController] - {"id":0,"login":"Admin","password":"1","companyId":1}
2017-08-22 15:05:36,834 [INFO ][main            ][roller.AccountResourceController] - {"id":0,"name":"Test","email":"@test","phone":"123434ewr","regNumber":"dsfdsf324324","country":"sdfbe","city":"Minsk","status":"NOT_VERIFIED"}
2017-08-22 15:05:36,834 [INFO ][main            ][roller.AccountResourceController] - com.bigroi.stock.jsontest.AccountgoEditAccount$1@1a0dcaa
2017-08-22 15:09:00,252 [INFO ][main            ][roller.AccountResourceController] - exection AccountResourceController.editAccount
2017-08-22 15:09:00,260 [INFO ][main            ][roller.AccountResourceController] - {"id":0,"login":"Admin","password":"1","companyId":1}
2017-08-22 15:09:00,260 [INFO ][main            ][roller.AccountResourceController] - {"id":0,"name":"Test","email":"@test","phone":"123434ewr","regNumber":"dsfdsf324324","country":"sdfbe","city":"Minsk","status":"NOT_VERIFIED"}
2017-08-22 15:09:00,260 [INFO ][main            ][roller.AccountResourceController] - com.bigroi.stock.jsontest.AccountgoEditAccount$1@1a0dcaa
2017-08-22 15:11:58,367 [INFO ][main            ][roller.AccountResourceController] - exection AccountResourceController.editAccount
2017-08-22 15:11:58,375 [INFO ][main            ][roller.AccountResourceController] - {"id":0,"login":"Admin","password":"1","companyId":1}
2017-08-22 15:11:58,382 [INFO ][main            ][roller.AccountResourceController] - {"id":0,"name":"Test","email":"@test","phone":"123434ewr","regNumber":"dsfdsf324324","country":"sdfbe","city":"Minsk","status":"NOT_VERIFIED"}
2017-08-22 15:11:58,382 [INFO ][main            ][roller.AccountResourceController] - com.bigroi.stock.jsontest.AccountgoEditAccount$1@1a0dcaa
2017-08-22 15:14:14,272 [INFO ][main            ][.bigroi.stock.dao.db.UserDaoImpl] - exection UserDaoImpl.updateById
2017-08-22 15:14:14,280 [INFO ][main            ][.bigroi.stock.dao.db.UserDaoImpl] - User [id=0, login=Admin, password=1, companyId=1]
2017-08-22 15:14:14,562 [INFO ][main            ][.bigroi.stock.dao.db.UserDaoImpl] - exection UserDaoImpl.updateById successfully finished
2017-08-22 15:14:40,437 [INFO ][main            ][groi.stock.dao.db.CompanyDaoImpl] - exection CompanyDaoImpl.updateById
2017-08-22 15:14:40,437 [INFO ][main            ][groi.stock.dao.db.CompanyDaoImpl] - Company [id=0, name=Test, email=@test, phone=123434ewr, regNumber=dsfdsf324324, country=sdfbe, city=Minsk, status=NOT_VERIFIED]
2017-08-22 15:14:40,445 [INFO ][main            ][groi.stock.dao.db.CompanyDaoImpl] - exection CompanyDaoImpl.updateById successfully finished
2017-08-22 15:14:54,211 [INFO ][main            ][roller.AccountResourceController] - execution AccountResourceController.goToAccountPage
2017-08-22 15:14:54,219 [INFO ][main            ][roller.AccountResourceController] - com.bigroi.stock.jsontest.AccountgoEditAccount$1@1a0dcaa
2017-08-22 15:14:54,227 [INFO ][main            ][groi.stock.dao.db.CompanyDaoImpl] - exection CompanyDaoImpl.getById
2017-08-22 15:14:54,235 [INFO ][main            ][groi.stock.dao.db.CompanyDaoImpl] - 0
2017-08-22 15:14:55,221 [INFO ][main            ][groi.stock.dao.db.CompanyDaoImpl] - exection CompanyDaoImpl.getById return null, successfully finished
2017-08-22 15:14:55,229 [INFO ][main            ][roller.AccountResourceController] - execution AccountResourceController.goToAccountPage successfully finished
2017-08-22 15:15:49,596 [INFO ][main            ][roller.AccountResourceController] - exection AccountResourceController.editAccount successfully finished
2017-08-22 15:18:16,989 [INFO ][main            ][roller.AccountResourceController] - exection AccountResourceController.editAccount
2017-08-22 15:18:16,997 [INFO ][main            ][roller.AccountResourceController] - {"id":0,"login":"Admin","password":"1","companyId":1}
2017-08-22 15:18:16,997 [INFO ][main            ][roller.AccountResourceController] - {"id":0,"name":"Test","email":"@test","phone":"123434ewr","regNumber":"dsfdsf324324","country":"sdfbe","city":"Minsk","status":"NOT_VERIFIED"}
2017-08-22 15:18:17,004 [INFO ][main            ][roller.AccountResourceController] - com.bigroi.stock.jsontest.AccountgoEditAccount$1@1464ce8
2017-08-22 15:18:20,364 [INFO ][main            ][.bigroi.stock.dao.db.UserDaoImpl] - exection UserDaoImpl.updateById
2017-08-22 15:18:20,364 [INFO ][main            ][.bigroi.stock.dao.db.UserDaoImpl] - User [id=0, login=Admin, password=1, companyId=1]
2017-08-22 15:18:20,395 [INFO ][main            ][.bigroi.stock.dao.db.UserDaoImpl] - exection UserDaoImpl.updateById successfully finished
2017-08-22 15:18:21,481 [INFO ][main            ][groi.stock.dao.db.CompanyDaoImpl] - exection CompanyDaoImpl.updateById
2017-08-22 15:18:21,481 [INFO ][main            ][groi.stock.dao.db.CompanyDaoImpl] - Company [id=0, name=Test, email=@test, phone=123434ewr, regNumber=dsfdsf324324, country=sdfbe, city=Minsk, status=NOT_VERIFIED]
2017-08-22 15:18:21,481 [INFO ][main            ][groi.stock.dao.db.CompanyDaoImpl] - exection CompanyDaoImpl.updateById successfully finished
2017-08-22 15:18:21,532 [INFO ][main            ][roller.AccountResourceController] - execution AccountResourceController.goToAccountPage
2017-08-22 15:18:21,532 [INFO ][main            ][roller.AccountResourceController] - com.bigroi.stock.jsontest.AccountgoEditAccount$1@1464ce8
2017-08-22 15:18:21,532 [INFO ][main            ][groi.stock.dao.db.CompanyDaoImpl] - exection CompanyDaoImpl.getById
2017-08-22 15:18:21,532 [INFO ][main            ][groi.stock.dao.db.CompanyDaoImpl] - 0
2017-08-22 15:18:21,735 [INFO ][main            ][groi.stock.dao.db.CompanyDaoImpl] - exection CompanyDaoImpl.getById return null, successfully finished
2017-08-22 15:18:21,743 [INFO ][main            ][roller.AccountResourceController] - execution AccountResourceController.goToAccountPage successfully finished
2017-08-22 15:18:21,750 [INFO ][main            ][roller.AccountResourceController] - exection AccountResourceController.editAccount successfully finished
2017-08-22 15:19:07,834 [INFO ][main            ][roller.AccountResourceController] - exection AccountResourceController.editAccount
2017-08-22 15:19:07,842 [INFO ][main            ][roller.AccountResourceController] - {"id":0,"login":"Admin","password":"1","companyId":1}
2017-08-22 15:19:07,842 [INFO ][main            ][roller.AccountResourceController] - {"id":0,"name":"Test","email":"@test","phone":"123434ewr","regNumber":"dsfdsf324324","country":"sdfbe","city":"Minsk","status":"NOT_VERIFIED"}
2017-08-22 15:19:07,842 [INFO ][main            ][roller.AccountResourceController] - com.bigroi.stock.jsontest.AccountgoEditAccount$1@1a0dcaa
2017-08-22 15:20:58,526 [INFO ][main            ][.bigroi.stock.dao.db.UserDaoImpl] - exection UserDaoImpl.updateById
2017-08-22 15:20:58,542 [INFO ][main            ][.bigroi.stock.dao.db.UserDaoImpl] - User [id=0, login=Admin, password=1, companyId=1]
2017-08-22 15:20:58,730 [INFO ][main            ][.bigroi.stock.dao.db.UserDaoImpl] - exection UserDaoImpl.updateById successfully finished
2017-08-22 15:21:30,478 [INFO ][main            ][groi.stock.dao.db.CompanyDaoImpl] - exection CompanyDaoImpl.updateById
2017-08-22 15:21:30,478 [INFO ][main            ][groi.stock.dao.db.CompanyDaoImpl] - Company [id=0, name=Test, email=@test, phone=123434ewr, regNumber=dsfdsf324324, country=sdfbe, city=Minsk, status=NOT_VERIFIED]
2017-08-22 15:21:30,486 [INFO ][main            ][groi.stock.dao.db.CompanyDaoImpl] - exection CompanyDaoImpl.updateById successfully finished
2017-08-22 15:21:32,758 [INFO ][main            ][roller.AccountResourceController] - execution AccountResourceController.goToAccountPage
2017-08-22 15:21:32,766 [INFO ][main            ][roller.AccountResourceController] - com.bigroi.stock.jsontest.AccountgoEditAccount$1@1a0dcaa
2017-08-22 15:21:32,774 [INFO ][main            ][groi.stock.dao.db.CompanyDaoImpl] - exection CompanyDaoImpl.getById
2017-08-22 15:21:32,782 [INFO ][main            ][groi.stock.dao.db.CompanyDaoImpl] - 0
2017-08-22 15:21:33,660 [INFO ][main            ][groi.stock.dao.db.CompanyDaoImpl] - exection CompanyDaoImpl.getById return null, successfully finished
2017-08-22 15:21:33,667 [INFO ][main            ][roller.AccountResourceController] - execution AccountResourceController.goToAccountPage successfully finished
2017-08-22 15:21:54,911 [INFO ][main            ][roller.AccountResourceController] - exection AccountResourceController.editAccount successfully finished
2017-08-22 15:24:41,169 [INFO ][main            ][roller.AccountResourceController] - exection AccountResourceController.editAccount
2017-08-22 15:24:41,177 [INFO ][main            ][roller.AccountResourceController] - {"id":0,"login":"Admin","password":"1","companyId":1}
2017-08-22 15:24:41,177 [INFO ][main            ][roller.AccountResourceController] - {"id":0,"name":"Test","email":"@test","phone":"123434ewr","regNumber":"dsfdsf324324","country":"sdfbe","city":"Minsk","status":"NOT_VERIFIED"}
2017-08-22 15:24:41,177 [INFO ][main            ][roller.AccountResourceController] - com.bigroi.stock.jsontest.AccountgoEditAccount$1@1a0dcaa
2017-08-22 15:26:31,212 [INFO ][main            ][.bigroi.stock.dao.db.UserDaoImpl] - exection UserDaoImpl.updateById
2017-08-22 15:26:31,220 [INFO ][main            ][.bigroi.stock.dao.db.UserDaoImpl] - User [id=0, login=Admin, password=1, companyId=1]
2017-08-22 15:26:31,377 [INFO ][main            ][.bigroi.stock.dao.db.UserDaoImpl] - exection UserDaoImpl.updateById successfully finished
2017-08-22 15:49:37,898 [INFO ][main            ][groi.stock.dao.db.CompanyDaoImpl] - exection CompanyDaoImpl.updateById
2017-08-22 15:49:37,906 [INFO ][main            ][groi.stock.dao.db.CompanyDaoImpl] - Company [id=0, name=Test, email=@test, phone=123434ewr, regNumber=dsfdsf324324, country=sdfbe, city=Minsk, status=NOT_VERIFIED]
2017-08-22 15:49:37,914 [INFO ][main            ][groi.stock.dao.db.CompanyDaoImpl] - exection CompanyDaoImpl.updateById successfully finished
2017-08-22 15:49:49,366 [INFO ][main            ][roller.AccountResourceController] - exection AccountResourceController.editAccount successfully finished
2017-08-22 15:50:16,835 [INFO ][main            ][roller.AccountResourceController] - execution AccountResourceController.goToAccountPage
2017-08-22 15:50:16,835 [INFO ][main            ][roller.AccountResourceController] - com.bigroi.stock.jsontest.AccountgoEditAccount$1@1a0dcaa
2017-08-22 15:50:16,843 [INFO ][main            ][groi.stock.dao.db.CompanyDaoImpl] - exection CompanyDaoImpl.getById
2017-08-22 15:50:16,851 [INFO ][main            ][groi.stock.dao.db.CompanyDaoImpl] - 0
2017-08-22 15:50:17,696 [INFO ][main            ][groi.stock.dao.db.CompanyDaoImpl] - exection CompanyDaoImpl.getById return null, successfully finished
2017-08-22 15:50:17,704 [INFO ][main            ][roller.AccountResourceController] - execution AccountResourceController.goToAccountPage successfully finished
2017-08-22 15:51:11,671 [INFO ][main            ][roller.AccountResourceController] - exection AccountResourceController.editAccount
2017-08-22 15:51:11,679 [INFO ][main            ][roller.AccountResourceController] - {"id":0,"login":"Admin","password":"1","companyId":1}
2017-08-22 15:51:11,679 [INFO ][main            ][roller.AccountResourceController] - {"id":0,"name":"Test","email":"@test","phone":"123434ewr","regNumber":"dsfdsf324324","country":"sdfbe","city":"Minsk","status":"NOT_VERIFIED"}
2017-08-22 15:51:11,679 [INFO ][main            ][roller.AccountResourceController] - com.bigroi.stock.jsontest.AccountgoEditAccount$1@1464ce8
2017-08-22 15:51:16,096 [INFO ][main            ][.bigroi.stock.dao.db.UserDaoImpl] - exection UserDaoImpl.updateById
2017-08-22 15:51:16,096 [INFO ][main            ][.bigroi.stock.dao.db.UserDaoImpl] - User [id=0, login=Admin, password=1, companyId=1]
2017-08-22 15:51:16,135 [INFO ][main            ][.bigroi.stock.dao.db.UserDaoImpl] - exection UserDaoImpl.updateById successfully finished
2017-08-22 15:51:17,228 [INFO ][main            ][groi.stock.dao.db.CompanyDaoImpl] - exection CompanyDaoImpl.updateById
2017-08-22 15:51:17,228 [INFO ][main            ][groi.stock.dao.db.CompanyDaoImpl] - Company [id=0, name=Test, email=@test, phone=123434ewr, regNumber=dsfdsf324324, country=sdfbe, city=Minsk, status=NOT_VERIFIED]
2017-08-22 15:51:17,228 [INFO ][main            ][groi.stock.dao.db.CompanyDaoImpl] - exection CompanyDaoImpl.updateById successfully finished
2017-08-22 15:51:17,284 [INFO ][main            ][roller.AccountResourceController] - exection AccountResourceController.editAccount successfully finished
2017-08-22 15:51:17,291 [INFO ][main            ][roller.AccountResourceController] - execution AccountResourceController.goToAccountPage
2017-08-22 15:51:17,291 [INFO ][main            ][roller.AccountResourceController] - com.bigroi.stock.jsontest.AccountgoEditAccount$1@1464ce8
2017-08-22 15:51:17,291 [INFO ][main            ][groi.stock.dao.db.CompanyDaoImpl] - exection CompanyDaoImpl.getById
2017-08-22 15:51:17,291 [INFO ][main            ][groi.stock.dao.db.CompanyDaoImpl] - 0
2017-08-22 15:51:17,513 [INFO ][main            ][groi.stock.dao.db.CompanyDaoImpl] - exection CompanyDaoImpl.getById return null, successfully finished
2017-08-22 15:51:17,514 [INFO ][main            ][roller.AccountResourceController] - execution AccountResourceController.goToAccountPage successfully finished
2017-08-22 15:56:20,302 [INFO ][main            ][roller.AccountResourceController] - execution AccountResourceController.goToAccountPage
2017-08-22 15:56:20,310 [INFO ][main            ][roller.AccountResourceController] - com.bigroi.stock.jsontest.AccountgoToAccountPageJson$1@183da2e
2017-08-22 16:00:26,387 [INFO ][main            ][roller.AccountResourceController] - execution AccountResourceController.goToAccountPage
2017-08-22 16:00:26,395 [INFO ][main            ][roller.AccountResourceController] - com.bigroi.stock.jsontest.AccountgoToAccountPageJson$1@7b636c
2017-08-22 16:02:44,825 [INFO ][main            ][groi.stock.dao.db.CompanyDaoImpl] - exection CompanyDaoImpl.getById
2017-08-22 16:02:44,833 [INFO ][main            ][groi.stock.dao.db.CompanyDaoImpl] - 1
2017-08-22 16:02:48,794 [INFO ][main            ][groi.stock.dao.db.CompanyDaoImpl] - exection CompanyDaoImpl.getById return companys.get(0), successfully finished
2017-08-22 16:03:15,208 [INFO ][main            ][roller.AccountResourceController] - execution AccountResourceController.goToAccountPage successfully finished
2017-08-22 16:04:17,565 [INFO ][main            ][roller.AccountResourceController] - execution AccountResourceController.goToAccountPage
2017-08-22 16:04:17,573 [INFO ][main            ][roller.AccountResourceController] - com.bigroi.stock.jsontest.AccountgoToAccountPageJson$1@d64342
2017-08-22 16:04:21,059 [INFO ][main            ][groi.stock.dao.db.CompanyDaoImpl] - exection CompanyDaoImpl.getById
2017-08-22 16:04:21,059 [INFO ][main            ][groi.stock.dao.db.CompanyDaoImpl] - 1
2017-08-22 16:04:22,445 [INFO ][main            ][groi.stock.dao.db.CompanyDaoImpl] - exection CompanyDaoImpl.getById return companys.get(0), successfully finished
2017-08-22 16:04:22,453 [INFO ][main            ][roller.AccountResourceController] - execution AccountResourceController.goToAccountPage successfully finished
2017-08-22 16:20:54,712 [INFO ][main            ][troller.AccessResourceController] - exection AccessResourceController.registration
2017-08-22 16:20:54,720 [INFO ][main            ][troller.AccessResourceController] - {"id":0,"login":"Admin111","password":"111","companyId":0}
2017-08-22 16:20:54,720 [INFO ][main            ][troller.AccessResourceController] - {"id":0,"name":"Test","email":"@test","phone":"123434ewr","regNumber":"dsfdsf324324","country":"sdfbe","city":"Minsk","status":"NOT_VERIFIED"}
2017-08-22 16:20:54,720 [INFO ][main            ][troller.AccessResourceController] - com.bigroi.stock.jsontest.AccessRegistrationJson$1@1a0dcaa
2017-08-22 16:21:15,095 [INFO ][main            ][troller.AccessResourceController] - exection AccessResourceController.getUser
2017-08-22 16:21:15,103 [INFO ][main            ][troller.AccessResourceController] - Admin111
2017-08-22 16:21:15,103 [INFO ][main            ][troller.AccessResourceController] - exection AccessResourceController.getUser successfully finished
2017-08-22 16:21:27,712 [INFO ][main            ][.bigroi.stock.dao.db.UserDaoImpl] - exection UserDaoImpl.getByLogin
2017-08-22 16:21:27,729 [INFO ][main            ][.bigroi.stock.dao.db.UserDaoImpl] - Admin111
2017-08-22 16:21:31,238 [INFO ][main            ][.bigroi.stock.dao.db.UserDaoImpl] - exection UserDaoImpl.getByLogin return null, successfully finished
2017-08-22 16:22:01,886 [INFO ][main            ][groi.stock.dao.db.CompanyDaoImpl] - exection CompanyDaoImpl.add
2017-08-22 16:22:01,894 [INFO ][main            ][groi.stock.dao.db.CompanyDaoImpl] - Company [id=0, name=Test, email=@test, phone=123434ewr, regNumber=dsfdsf324324, country=sdfbe, city=Minsk, status=NOT_VERIFIED]
2017-08-22 16:22:02,450 [INFO ][main            ][groi.stock.dao.db.CompanyDaoImpl] - exection CompanyDaoImpl.add successfully finished
2017-08-22 16:23:00,608 [INFO ][main            ][.bigroi.stock.dao.db.UserDaoImpl] - exection UserDaoImpl.add
2017-08-22 16:23:00,616 [INFO ][main            ][.bigroi.stock.dao.db.UserDaoImpl] - User [id=0, login=Admin111, password=111, companyId=0]
2017-08-22 16:24:30,885 [INFO ][main            ][troller.AccessResourceController] - exection AccessResourceController.registration
2017-08-22 16:24:30,885 [INFO ][main            ][troller.AccessResourceController] - {"id":0,"login":"Admin111","password":"111","companyId":1}
2017-08-22 16:24:30,893 [INFO ][main            ][troller.AccessResourceController] - {"id":0,"name":"Test","email":"@test","phone":"123434ewr","regNumber":"dsfdsf324324","country":"sdfbe","city":"Minsk","status":"NOT_VERIFIED"}
2017-08-22 16:24:30,893 [INFO ][main            ][troller.AccessResourceController] - com.bigroi.stock.jsontest.AccessRegistrationJson$1@1a0dcaa
2017-08-22 16:24:38,537 [INFO ][main            ][troller.AccessResourceController] - exection AccessResourceController.getUser
2017-08-22 16:24:38,544 [INFO ][main            ][troller.AccessResourceController] - Admin111
2017-08-22 16:24:38,544 [INFO ][main            ][troller.AccessResourceController] - exection AccessResourceController.getUser successfully finished
2017-08-22 16:24:50,907 [INFO ][main            ][.bigroi.stock.dao.db.UserDaoImpl] - exection UserDaoImpl.getByLogin
2017-08-22 16:24:50,915 [INFO ][main            ][.bigroi.stock.dao.db.UserDaoImpl] - Admin111
2017-08-22 16:24:54,466 [INFO ][main            ][.bigroi.stock.dao.db.UserDaoImpl] - exection UserDaoImpl.getByLogin return null, successfully finished
2017-08-22 16:25:14,130 [INFO ][main            ][groi.stock.dao.db.CompanyDaoImpl] - exection CompanyDaoImpl.add
2017-08-22 16:25:14,146 [INFO ][main            ][groi.stock.dao.db.CompanyDaoImpl] - Company [id=0, name=Test, email=@test, phone=123434ewr, regNumber=dsfdsf324324, country=sdfbe, city=Minsk, status=NOT_VERIFIED]
2017-08-22 16:25:14,392 [INFO ][main            ][groi.stock.dao.db.CompanyDaoImpl] - exection CompanyDaoImpl.add successfully finished
2017-08-22 16:25:56,932 [INFO ][main            ][.bigroi.stock.dao.db.UserDaoImpl] - exection UserDaoImpl.add
2017-08-22 16:25:56,940 [INFO ][main            ][.bigroi.stock.dao.db.UserDaoImpl] - User [id=0, login=Admin111, password=111, companyId=1]
2017-08-22 16:25:57,125 [INFO ][main            ][.bigroi.stock.dao.db.UserDaoImpl] - exection UserDaoImpl.add successfully finished
2017-08-22 16:26:20,673 [INFO ][main            ][troller.AccessResourceController] - exection AccessResourceController.registration successfully finished
2017-08-22 16:45:01,333 [INFO ][main            ][controller.LotResourseController] - exection LotResourseController.myLotList
2017-08-22 16:45:01,341 [INFO ][main            ][controller.LotResourseController] - {"id":0,"login":"Admin","password":"1","companyId":1}
2017-08-22 16:45:01,341 [INFO ][main            ][controller.LotResourseController] - com.bigroi.stock.jsontest.LotMyLotList$1@1dd4eda
2017-08-22 16:46:45,772 [INFO ][main            ][m.bigroi.stock.dao.db.LotDaoImpl] - exection LotDaoImpl.getBySellerId
2017-08-22 16:46:45,780 [INFO ][main            ][m.bigroi.stock.dao.db.LotDaoImpl] - 1
2017-08-22 16:48:20,282 [INFO ][main            ][controller.LotResourseController] - exection LotResourseController.myLotList
2017-08-22 16:48:20,290 [INFO ][main            ][controller.LotResourseController] - {"id":0,"login":"Admin","password":"1","companyId":1}
2017-08-22 16:48:20,290 [INFO ][main            ][controller.LotResourseController] - com.bigroi.stock.jsontest.LotMyLotList$1@1dd4eda
2017-08-22 16:50:21,802 [INFO ][main            ][m.bigroi.stock.dao.db.LotDaoImpl] - exection LotDaoImpl.getBySellerId
2017-08-22 16:50:21,802 [INFO ][main            ][m.bigroi.stock.dao.db.LotDaoImpl] - 1
2017-08-22 16:52:33,415 [INFO ][main            ][controller.LotResourseController] - exection LotResourseController.myLotList
2017-08-22 16:52:33,422 [INFO ][main            ][controller.LotResourseController] - {"id":0,"login":"Admin","password":"1","companyId":1}
2017-08-22 16:52:33,422 [INFO ][main            ][controller.LotResourseController] - com.bigroi.stock.jsontest.LotMyLotList$1@1dd4eda
2017-08-22 16:52:57,199 [INFO ][main            ][controller.LotResourseController] - exection LotResourseController.myLotList successfully finished
2017-08-22 16:54:15,103 [INFO ][main            ][m.bigroi.stock.dao.db.LotDaoImpl] - exection LotDaoImpl.getBySellerId
2017-08-22 16:54:15,111 [INFO ][main            ][m.bigroi.stock.dao.db.LotDaoImpl] - 1
2017-08-22 17:24:36,928 [INFO ][main            ][controller.LotResourseController] - exection LotResourseController.myLotList
2017-08-22 17:24:36,936 [INFO ][main            ][controller.LotResourseController] - {"id":0,"login":"Admin","password":"1","companyId":1}
2017-08-22 17:24:36,936 [INFO ][main            ][controller.LotResourseController] - com.bigroi.stock.jsontest.LotMyLotList$1@1dd4eda
2017-08-22 17:26:21,376 [INFO ][main            ][m.bigroi.stock.dao.db.LotDaoImpl] - exection LotDaoImpl.getBySellerId
2017-08-22 17:26:21,386 [INFO ][main            ][m.bigroi.stock.dao.db.LotDaoImpl] - 1
2017-08-22 17:33:53,947 [INFO ][main            ][controller.LotResourseController] - exection LotResourseController.myLotList
2017-08-22 17:33:53,955 [INFO ][main            ][controller.LotResourseController] - {"id":0,"login":"Admin","password":"1","companyId":0}
2017-08-22 17:33:53,955 [INFO ][main            ][controller.LotResourseController] - com.bigroi.stock.jsontest.LotMyLotList$1@1dd4eda
2017-08-22 17:35:35,740 [INFO ][main            ][m.bigroi.stock.dao.db.LotDaoImpl] - exection LotDaoImpl.getBySellerId
2017-08-22 17:35:35,747 [INFO ][main            ][m.bigroi.stock.dao.db.LotDaoImpl] - 0
2017-08-22 17:40:10,665 [INFO ][main            ][m.bigroi.stock.dao.db.LotDaoImpl] - exection LotDaoImpl.getBySellerId
2017-08-22 17:40:10,665 [INFO ][main            ][m.bigroi.stock.dao.db.LotDaoImpl] - 1
2017-08-22 17:41:26,495 [INFO ][main            ][m.bigroi.stock.dao.db.LotDaoImpl] - exection LotDaoImpl.getBySellerId
2017-08-22 17:41:26,495 [INFO ][main            ][m.bigroi.stock.dao.db.LotDaoImpl] - 1
2017-08-22 17:44:20,314 [INFO ][main            ][m.bigroi.stock.dao.db.LotDaoImpl] - exection LotDaoImpl.getBySellerId
2017-08-22 17:44:20,322 [INFO ][main            ][m.bigroi.stock.dao.db.LotDaoImpl] - 1
2017-08-22 17:44:21,462 [INFO ][main            ][.bigroi.stock.dao.db.UserDaoImpl] - [Lot [id=1, description=ךאנעמץא 2017, poductId=1, minPrice=2.0, salerId=1, expDate=2016-06-26, status=EXPIRED, volumeOfLot=110], Lot [id=3, description=ךטגט, poductId=111, minPrice=5.0, salerId=1, expDate=2017-06-28, status=IN_GAME, volumeOfLot=120], Lot [id=4, description=ךנוגועךט, poductId=1, minPrice=110.0, salerId=1, expDate=2017-07-10, status=DRAFT, volumeOfLot=130]]
2017-08-22 17:44:21,462 [INFO ][main            ][m.bigroi.stock.dao.db.LotDaoImpl] - exection LotDaoImpl.getBySellerId successfully finished
2017-08-22 17:45:04,344 [INFO ][main            ][controller.LotResourseController] - exection LotResourseController.myLotList
2017-08-22 17:45:04,352 [INFO ][main            ][controller.LotResourseController] - {"id":0,"login":"Admin","password":"1","companyId":1}
2017-08-22 17:45:04,352 [INFO ][main            ][controller.LotResourseController] - com.bigroi.stock.jsontest.LotMyLotList$1@1dd4eda
2017-08-22 17:46:27,237 [INFO ][main            ][m.bigroi.stock.dao.db.LotDaoImpl] - exection LotDaoImpl.getBySellerId
2017-08-22 17:46:27,237 [INFO ][main            ][m.bigroi.stock.dao.db.LotDaoImpl] - 1
2017-08-22 17:46:30,025 [INFO ][main            ][.bigroi.stock.dao.db.UserDaoImpl] - [Lot [id=1, description=ךאנעמץא 2017, poductId=1, minPrice=2.0, salerId=1, expDate=2016-06-26, status=EXPIRED, volumeOfLot=110], Lot [id=3, description=ךטגט, poductId=111, minPrice=5.0, salerId=1, expDate=2017-06-28, status=IN_GAME, volumeOfLot=120], Lot [id=4, description=ךנוגועךט, poductId=1, minPrice=110.0, salerId=1, expDate=2017-07-10, status=DRAFT, volumeOfLot=130]]
2017-08-22 17:46:30,041 [INFO ][main            ][m.bigroi.stock.dao.db.LotDaoImpl] - exection LotDaoImpl.getBySellerId successfully finished
2017-08-22 17:46:51,171 [INFO ][main            ][controller.LotResourseController] - exection LotResourseController.myLotList successfully finished
2017-08-22 20:08:21,289 [INFO ][main            ][controller.LotResourseController] - exection LotResourseController.getLot
2017-08-22 20:08:21,290 [INFO ][main            ][controller.LotResourseController] - 0
2017-08-22 20:08:21,291 [INFO ][main            ][controller.LotResourseController] - com.bigroi.stock.jsontest.LotGetLot$1@279ad2e3
2017-08-22 20:09:02,466 [INFO ][main            ][m.bigroi.stock.dao.db.LotDaoImpl] - exection LotDaoImpl.getById
2017-08-22 20:09:02,468 [INFO ][main            ][m.bigroi.stock.dao.db.LotDaoImpl] - 0
2017-08-22 20:09:03,595 [INFO ][main            ][m.bigroi.stock.dao.db.LotDaoImpl] - exection LotDaoImpl.getById return null, successfully finished
2017-08-22 20:10:19,216 [INFO ][main            ][controller.LotResourseController] - exection LotResourseController.getLot successfully finished
2017-08-22 20:15:24,698 [INFO ][main            ][controller.LotResourseController] - exection LotResourseController.getLot
2017-08-22 20:15:24,700 [INFO ][main            ][controller.LotResourseController] - 1
2017-08-22 20:15:24,700 [INFO ][main            ][controller.LotResourseController] - {"id":0,"login":"Admin","password":"1","companyId":1}
2017-08-22 20:15:24,700 [INFO ][main            ][controller.LotResourseController] - com.bigroi.stock.jsontest.LotGetLot$1@491666ad
2017-08-22 20:18:01,765 [INFO ][main            ][m.bigroi.stock.dao.db.LotDaoImpl] - exection LotDaoImpl.getById
2017-08-22 20:18:01,766 [INFO ][main            ][m.bigroi.stock.dao.db.LotDaoImpl] - 1
2017-08-22 20:18:02,649 [INFO ][main            ][m.bigroi.stock.dao.db.LotDaoImpl] - exection LotDaoImpl.getById return lot.get(0), successfully finished
2017-08-22 20:18:13,080 [INFO ][main            ][controller.LotResourseController] - exection LotResourseController.getLot successfully finished
2017-08-22 20:18:57,814 [INFO ][main            ][controller.LotResourseController] - exection LotResourseController.getLot
2017-08-22 20:18:57,816 [INFO ][main            ][controller.LotResourseController] - -1
2017-08-22 20:18:57,816 [INFO ][main            ][controller.LotResourseController] - {"id":0,"login":"Admin","password":"1","companyId":1}
2017-08-22 20:18:57,816 [INFO ][main            ][controller.LotResourseController] - com.bigroi.stock.jsontest.LotGetLot$1@491666ad
2017-08-22 20:19:34,429 [INFO ][main            ][controller.LotResourseController] - exection LotResourseController.getLot successfully finished
2017-08-22 20:20:46,338 [INFO ][main            ][controller.LotResourseController] - exection LotResourseController.getLot
2017-08-22 20:20:46,339 [INFO ][main            ][controller.LotResourseController] - -1
2017-08-22 20:20:46,340 [INFO ][main            ][controller.LotResourseController] - {"id":0,"login":"Admin","password":"1","companyId":1}
2017-08-22 20:20:46,340 [INFO ][main            ][controller.LotResourseController] - com.bigroi.stock.jsontest.LotGetLot$1@491666ad
2017-08-22 20:21:43,020 [INFO ][main            ][controller.LotResourseController] - exection LotResourseController.getLot successfully finished
2017-08-22 20:37:02,009 [INFO ][main            ][controller.LotResourseController] - exection LotResourseController.lotSave
2017-08-22 20:37:02,010 [INFO ][main            ][controller.LotResourseController] - 1
2017-08-22 20:37:02,011 [INFO ][main            ][controller.LotResourseController] - {"id":1,"description":"evgen","poductId":1,"minPrice":10.0,"sellerId":1,"expDate":"אגד 22, 2017","status":"DRAFT","volumeOfLot":0}
2017-08-22 20:37:02,011 [INFO ][main            ][controller.LotResourseController] - com.bigroi.stock.jsontest.LotSave$1@176d53b2
2017-08-22 20:38:33,807 [INFO ][main            ][controller.LotResourseController] - exection LotResourseController.lotSave
2017-08-22 20:38:33,809 [INFO ][main            ][controller.LotResourseController] - -1
2017-08-22 20:38:33,809 [INFO ][main            ][controller.LotResourseController] - {"id":-1,"description":"evgen","poductId":1,"minPrice":10.0,"sellerId":1,"expDate":"אגד 22, 2017","status":"DRAFT","volumeOfLot":0}
2017-08-22 20:38:33,810 [INFO ][main            ][controller.LotResourseController] - com.bigroi.stock.jsontest.LotSave$1@176d53b2
2017-08-22 20:43:03,127 [INFO ][main            ][controller.LotResourseController] - exection LotResourseController.lotSave
2017-08-22 20:43:03,128 [INFO ][main            ][controller.LotResourseController] - -1
2017-08-22 20:43:03,128 [INFO ][main            ][controller.LotResourseController] - {"id":-1,"description":"evgen","poductId":1,"minPrice":10.0,"sellerId":1,"expDate":"אגד 22, 2017","status":"DRAFT","volumeOfLot":0}
2017-08-22 20:43:03,128 [INFO ][main            ][controller.LotResourseController] - com.bigroi.stock.jsontest.LotSave$1@971d0d8
2017-08-22 20:43:12,565 [INFO ][main            ][controller.LotResourseController] - exection LotResourseController.lotSave
2017-08-22 20:43:12,566 [INFO ][main            ][controller.LotResourseController] - -1
2017-08-22 20:43:12,566 [INFO ][main            ][controller.LotResourseController] - {"id":-1,"description":"evgen","poductId":1,"minPrice":10.0,"sellerId":1,"expDate":"אגד 22, 2017","status":"DRAFT","volumeOfLot":0}
2017-08-22 20:43:12,567 [INFO ][main            ][controller.LotResourseController] - com.bigroi.stock.jsontest.LotSave$1@971d0d8
2017-08-22 20:43:44,396 [INFO ][main            ][controller.LotResourseController] - exection LotResourseController.lotSave
2017-08-22 20:43:45,917 [INFO ][main            ][controller.LotResourseController] - 1
2017-08-22 20:44:51,183 [INFO ][main            ][controller.LotResourseController] - {"id":1,"description":"evgen","poductId":1,"minPrice":10.0,"sellerId":1,"expDate":"אגד 22, 2017","status":"DRAFT","volumeOfLot":0}
2017-08-22 20:44:59,205 [INFO ][main            ][controller.LotResourseController] - com.bigroi.stock.jsontest.LotSave$1@971d0d8
2017-08-22 20:46:13,206 [INFO ][main            ][controller.LotResourseController] - exection LotResourseController.lotSave
2017-08-22 20:46:15,005 [INFO ][main            ][controller.LotResourseController] - 1
2017-08-22 20:46:16,149 [INFO ][main            ][controller.LotResourseController] - {"id":1,"description":"evgen","poductId":1,"minPrice":10.0,"sellerId":1,"expDate":"אגד 22, 2017","status":"DRAFT","volumeOfLot":123}
2017-08-22 20:46:18,362 [INFO ][main            ][controller.LotResourseController] - com.bigroi.stock.jsontest.LotSave$1@971d0d8
2017-08-22 20:47:06,189 [INFO ][main            ][controller.LotResourseController] - exection LotResourseController.lotSave
2017-08-22 20:47:07,680 [INFO ][main            ][controller.LotResourseController] - 1
2017-08-22 20:47:08,979 [INFO ][main            ][controller.LotResourseController] - {"id":1,"description":"evgen","poductId":1,"minPrice":10.0,"sellerId":1,"expDate":"אגד 22, 2017","status":"DRAFT","volumeOfLot":123}
2017-08-22 20:47:15,583 [INFO ][main            ][controller.LotResourseController] - com.bigroi.stock.jsontest.LotSave$1@971d0d8
2017-08-22 20:49:08,368 [INFO ][main            ][controller.LotResourseController] - exection LotResourseController.lotSave
2017-08-22 20:49:08,370 [INFO ][main            ][controller.LotResourseController] - -1
2017-08-22 20:49:08,370 [INFO ][main            ][controller.LotResourseController] - {"id":-1,"description":"evgen","poductId":1,"minPrice":10.0,"sellerId":1,"expDate":"אגד 22, 2017","status":"DRAFT","volumeOfLot":123}
2017-08-22 20:49:08,370 [INFO ][main            ][controller.LotResourseController] - com.bigroi.stock.jsontest.LotSave$1@971d0d8
2017-08-22 20:53:37,509 [INFO ][main            ][controller.LotResourseController] - exection LotResourseController.lotSave
2017-08-22 20:53:37,510 [INFO ][main            ][controller.LotResourseController] - -1
2017-08-22 20:53:37,510 [INFO ][main            ][controller.LotResourseController] - {"id":0,"login":"Admin","password":"1","companyId":1}
2017-08-22 20:53:37,510 [INFO ][main            ][controller.LotResourseController] - {"id":-1,"description":"evgen","poductId":1,"minPrice":10.0,"sellerId":1,"expDate":"אגד 22, 2017","status":"DRAFT","volumeOfLot":123}
2017-08-22 20:53:37,511 [INFO ][main            ][controller.LotResourseController] - com.bigroi.stock.jsontest.LotSave$1@971d0d8
2017-08-22 20:55:59,686 [INFO ][main            ][controller.LotResourseController] - exection LotResourseController.lotSave
2017-08-22 20:55:59,687 [INFO ][main            ][controller.LotResourseController] - -1
2017-08-22 20:55:59,687 [INFO ][main            ][controller.LotResourseController] - {"id":0,"login":"Admin","password":"1","companyId":1}
2017-08-22 20:55:59,688 [INFO ][main            ][controller.LotResourseController] - {"id":-1,"description":"evgen","poductId":1,"minPrice":10.0,"sellerId":1,"expDate":"אגד 22, 2017","status":"DRAFT","volumeOfLot":123}
2017-08-22 20:56:16,642 [INFO ][main            ][controller.LotResourseController] - com.bigroi.stock.jsontest.LotSave$1@971d0d8
2017-08-22 20:56:50,687 [INFO ][main            ][controller.LotResourseController] - exection LotResourseController.lotSave
2017-08-22 20:56:50,689 [INFO ][main            ][controller.LotResourseController] - -1
2017-08-22 20:56:50,689 [INFO ][main            ][controller.LotResourseController] - {"id":0,"login":"Admin","password":"1","companyId":1}
2017-08-22 20:56:50,689 [INFO ][main            ][controller.LotResourseController] - {"id":-1,"description":"evgen","poductId":1,"minPrice":10.0,"sellerId":1,"expDate":"אגד 22, 2017","status":"DRAFT","volumeOfLot":123}
2017-08-22 20:56:55,099 [INFO ][main            ][controller.LotResourseController] - com.bigroi.stock.jsontest.LotSave$1@971d0d8
2017-08-22 21:07:27,432 [INFO ][main            ][controller.LotResourseController] - exection LotResourseController.lotSave
2017-08-22 21:07:27,434 [INFO ][main            ][controller.LotResourseController] - 1
2017-08-22 21:07:27,434 [INFO ][main            ][controller.LotResourseController] - {"id":0,"login":"Admin","password":"1","companyId":1}
2017-08-22 21:07:27,434 [INFO ][main            ][controller.LotResourseController] - {"id":1,"description":"test","poductId":1,"minPrice":10.0,"sellerId":1,"expDate":"אגד 22, 2017","status":"EXPIRED","volumeOfLot":400}
2017-08-22 21:07:35,034 [INFO ][main            ][controller.LotResourseController] - com.bigroi.stock.jsontest.LotSave$1@971d0d8
2017-08-22 21:12:06,383 [INFO ][main            ][controller.LotResourseController] - exection LotResourseController.lotSave
2017-08-22 21:12:06,385 [INFO ][main            ][controller.LotResourseController] - 1
2017-08-22 21:12:06,385 [INFO ][main            ][controller.LotResourseController] - {"id":1,"description":"test","poductId":1,"minPrice":10.0,"sellerId":1,"expDate":"אגד 22, 2017","status":"EXPIRED","volumeOfLot":400}
2017-08-22 21:12:12,781 [INFO ][main            ][controller.LotResourseController] - com.bigroi.stock.jsontest.LotSave$1@176d53b2
2017-08-22 21:13:34,145 [INFO ][main            ][controller.LotResourseController] - exection LotResourseController.lotSave
2017-08-22 21:13:34,147 [INFO ][main            ][controller.LotResourseController] - 1
2017-08-22 21:13:34,147 [INFO ][main            ][controller.LotResourseController] - {"id":1,"description":"test","poductId":1,"minPrice":10.0,"sellerId":1,"expDate":"אגד 22, 2017","status":"EXPIRED","volumeOfLot":400}
2017-08-22 21:13:37,304 [INFO ][main            ][controller.LotResourseController] - com.bigroi.stock.jsontest.LotSave$1@176d53b2
2017-08-23 10:47:30,789 [INFO ][main            ][controller.LotResourseController] - exection LotResourseController.lotSave
2017-08-23 10:47:30,796 [INFO ][main            ][controller.LotResourseController] - 1
2017-08-23 10:47:30,796 [INFO ][main            ][controller.LotResourseController] - {"id":1,"description":"test","poductId":1,"minPrice":10.0,"sellerId":1,"expDate":"אגד 23, 2017","status":"EXPIRED","volumeOfLot":400}
2017-08-23 10:47:49,551 [INFO ][main            ][controller.LotResourseController] - com.bigroi.stock.jsontest.LotSave$1@187b79e
2017-08-23 10:49:35,526 [INFO ][main            ][controller.LotResourseController] - exection LotResourseController.lotSave
2017-08-23 10:49:35,534 [INFO ][main            ][controller.LotResourseController] - 1
2017-08-23 10:49:35,541 [INFO ][main            ][controller.LotResourseController] - {"id":1,"description":"test","poductId":1,"minPrice":10.0,"sellerId":1,"expDate":"אגד 23, 2017","status":"EXPIRED","volumeOfLot":400}
2017-08-23 10:49:44,655 [INFO ][main            ][controller.LotResourseController] - com.bigroi.stock.jsontest.LotSave$1@187b79e
2017-08-23 10:50:56,542 [INFO ][main            ][controller.LotResourseController] - exection LotResourseController.lotSave
2017-08-23 10:50:56,550 [INFO ][main            ][controller.LotResourseController] - 1
2017-08-23 10:50:56,550 [INFO ][main            ][controller.LotResourseController] - {"id":1,"description":"test","poductId":1,"minPrice":10.0,"sellerId":1,"expDate":"אגד 23, 2017","status":"EXPIRED","volumeOfLot":400}
2017-08-23 10:51:06,846 [INFO ][main            ][controller.LotResourseController] - com.bigroi.stock.jsontest.LotSave$1@187b79e
2017-08-23 10:53:00,864 [INFO ][main            ][controller.LotResourseController] - exection LotResourseController.lotSave
2017-08-23 10:53:00,872 [INFO ][main            ][controller.LotResourseController] - 1
2017-08-23 10:53:00,872 [INFO ][main            ][controller.LotResourseController] - {"id":1,"description":"test","poductId":1,"minPrice":10.0,"sellerId":1,"expDate":"אגד 23, 2017","status":"EXPIRED","volumeOfLot":400}
2017-08-23 10:53:11,445 [INFO ][main            ][controller.LotResourseController] - com.bigroi.stock.jsontest.LotSave$1@1638935
2017-08-23 10:59:01,242 [INFO ][main            ][controller.LotResourseController] - exection LotResourseController.lotSave
2017-08-23 10:59:01,250 [INFO ][main            ][controller.LotResourseController] - 1
2017-08-23 10:59:01,250 [INFO ][main            ][controller.LotResourseController] - {"id":1,"description":"test","poductId":1,"minPrice":10.0,"sellerId":1,"expDate":"אגד 23, 2017","status":"EXPIRED","volumeOfLot":400}
2017-08-23 10:59:07,146 [INFO ][main            ][controller.LotResourseController] - com.bigroi.stock.jsontest.LotSave$1@187b79e
2017-08-23 11:15:14,525 [INFO ][main            ][controller.LotResourseController] - exection LotResourseController.lotSave
2017-08-23 11:15:14,525 [INFO ][main            ][controller.LotResourseController] - 1
2017-08-23 11:15:14,533 [INFO ][main            ][controller.LotResourseController] - {"id":1,"description":"test","poductId":1,"minPrice":10.0,"sellerId":1,"expDate":"אגד 23, 2017","status":"DRAFT","volumeOfLot":400}
2017-08-23 11:15:14,533 [INFO ][main            ][controller.LotResourseController] - com.bigroi.stock.jsontest.LotSetLotInGame$1@1638935
2017-08-23 11:17:16,480 [INFO ][main            ][controller.LotResourseController] - exection LotResourseController.lotSave
2017-08-23 11:17:16,488 [INFO ][main            ][controller.LotResourseController] - 1
2017-08-23 11:17:16,488 [INFO ][main            ][controller.LotResourseController] - {"id":1,"description":"test","poductId":1,"minPrice":10.0,"sellerId":1,"expDate":"אגד 23, 2017","status":"EXPIRED","volumeOfLot":400}
2017-08-23 11:17:16,488 [INFO ][main            ][controller.LotResourseController] - com.bigroi.stock.jsontest.LotSave$1@1638935
2017-08-23 11:18:06,540 [INFO ][main            ][controller.LotResourseController] - exection LotResourseController.setLotInGame
2017-08-23 11:18:06,540 [INFO ][main            ][controller.LotResourseController] - 1
2017-08-23 11:18:06,547 [INFO ][main            ][controller.LotResourseController] - {"id":1,"description":"test","poductId":1,"minPrice":10.0,"sellerId":1,"expDate":"אגד 23, 2017","status":"DRAFT","volumeOfLot":400}
2017-08-23 11:18:06,547 [INFO ][main            ][controller.LotResourseController] - com.bigroi.stock.jsontest.LotSetLotInGame$1@1be98f5
2017-08-23 11:18:20,957 [INFO ][main            ][controller.LotResourseController] - exection LotResourseController.lotSave
2017-08-23 11:18:20,964 [INFO ][main            ][controller.LotResourseController] - 1
2017-08-23 11:18:20,964 [INFO ][main            ][controller.LotResourseController] - {"id":1,"description":"test","poductId":1,"minPrice":10.0,"sellerId":1,"expDate":"אגד 23, 2017","status":"EXPIRED","volumeOfLot":400}
2017-08-23 11:18:20,964 [INFO ][main            ][controller.LotResourseController] - com.bigroi.stock.jsontest.LotSave$1@1be98f5
2017-08-23 11:24:19,671 [INFO ][main            ][controller.LotResourseController] - exection LotResourseController.setLotInGame
2017-08-23 11:24:19,671 [INFO ][main            ][controller.LotResourseController] - 1
2017-08-23 11:24:19,671 [INFO ][main            ][controller.LotResourseController] - {"id":1,"description":"test","poductId":1,"minPrice":10.0,"sellerId":1,"expDate":"אגד 23, 2017","status":"DRAFT","volumeOfLot":400}
2017-08-23 11:24:35,228 [INFO ][main            ][controller.LotResourseController] - com.bigroi.stock.jsontest.LotSetLotInGame$1@1638935
2017-08-23 11:25:14,766 [INFO ][main            ][controller.LotResourseController] - exection LotResourseController.setLotInGame
2017-08-23 11:25:14,774 [INFO ][main            ][controller.LotResourseController] - 1
2017-08-23 11:25:14,774 [INFO ][main            ][controller.LotResourseController] - {"id":1,"description":"test","poductId":1,"minPrice":10.0,"sellerId":1,"expDate":"Aug 23, 2017 11:25:13 AM","status":"DRAFT","volumeOfLot":400}
2017-08-23 11:25:35,375 [INFO ][main            ][controller.LotResourseController] - com.bigroi.stock.jsontest.LotSetLotInGame$1@60a8c0
2017-08-23 11:27:22,784 [INFO ][main            ][m.bigroi.stock.dao.db.LotDaoImpl] - exection LotDaoImpl.getById
2017-08-23 11:27:22,791 [INFO ][main            ][m.bigroi.stock.dao.db.LotDaoImpl] - 1
2017-08-23 11:27:26,741 [INFO ][main            ][m.bigroi.stock.dao.db.LotDaoImpl] - exection LotDaoImpl.getById return lot.get(0), successfully finished
2017-08-23 11:28:57,468 [INFO ][main            ][controller.LotResourseController] - exection LotResourseController.setLotInGame - 'lot.update.success', successfully finished
2017-08-23 11:36:03,938 [INFO ][main            ][controller.LotResourseController] - exection LotResourseController.lotSave
2017-08-23 11:36:03,946 [INFO ][main            ][controller.LotResourseController] - 1
2017-08-23 11:36:03,954 [INFO ][main            ][controller.LotResourseController] - {"id":1,"description":"test","poductId":1,"minPrice":10.0,"sellerId":1,"expDate":"Aug 23, 2017 11:36:02 AM","status":"EXPIRED","volumeOfLot":400}
2017-08-23 11:36:10,682 [INFO ][main            ][controller.LotResourseController] - com.bigroi.stock.jsontest.LotSave$1@60a8c0
2017-08-23 11:37:56,846 [INFO ][main            ][m.bigroi.stock.dao.db.LotDaoImpl] - exection LotDaoImpl.updateById
2017-08-23 11:37:56,846 [INFO ][main            ][m.bigroi.stock.dao.db.LotDaoImpl] - Lot [id=1, description=test, poductId=1, minPrice=10.0, salerId=1, expDate=Wed Aug 23 11:36:02 AST 2017, status=EXPIRED, volumeOfLot=400]
2017-08-23 11:37:57,005 [INFO ][main            ][m.bigroi.stock.dao.db.LotDaoImpl] - exection LotDaoImpl.updateById successfully finished
2017-08-23 11:40:18,534 [INFO ][main            ][controller.LotResourseController] - exection LotResourseController.lotSave - 'lot.update.success', successfully finished
2017-08-23 11:41:37,207 [INFO ][main            ][controller.LotResourseController] - exection LotResourseController.lotSave
2017-08-23 11:41:37,214 [INFO ][main            ][controller.LotResourseController] - -1
2017-08-23 11:41:37,214 [INFO ][main            ][controller.LotResourseController] - {"id":-1,"description":"test!!!!!!!!!!","poductId":1,"minPrice":10.0,"sellerId":1,"expDate":"Aug 23, 2017 11:41:36 AM","status":"EXPIRED","volumeOfLot":500}
2017-08-23 11:41:54,653 [INFO ][main            ][controller.LotResourseController] - com.bigroi.stock.jsontest.LotSave$1@60a8c0
2017-08-23 11:43:21,409 [INFO ][main            ][m.bigroi.stock.dao.db.LotDaoImpl] - exection LotDaoImpl.add
2017-08-23 11:43:21,409 [INFO ][main            ][m.bigroi.stock.dao.db.LotDaoImpl] - Lot [id=-1, description=test!!!!!!!!!!, poductId=1, minPrice=10.0, salerId=1, expDate=Wed Aug 23 11:41:36 AST 2017, status=EXPIRED, volumeOfLot=500]
2017-08-23 11:43:24,352 [INFO ][main            ][m.bigroi.stock.dao.db.LotDaoImpl] - exection LotDaoImpl.add successfully finished
2017-08-23 11:43:33,067 [INFO ][main            ][controller.LotResourseController] - exection LotResourseController.lotSave - 'lot.added.success', successfully finished
2017-08-23 11:43:36,781 [INFO ][main            ][controller.LotResourseController] - exection LotResourseController.lotSave - 'lot.update.success', successfully finished
2017-08-23 11:45:08,948 [INFO ][main            ][controller.LotResourseController] - exection LotResourseController.lotSave
2017-08-23 11:45:08,956 [INFO ][main            ][controller.LotResourseController] - 0
2017-08-23 11:45:08,956 [INFO ][main            ][controller.LotResourseController] - {"id":0,"description":"test Add","poductId":1,"minPrice":10.0,"sellerId":1,"expDate":"Aug 23, 2017 11:45:07 AM","status":"EXPIRED","volumeOfLot":600}
2017-08-23 11:45:18,619 [INFO ][main            ][controller.LotResourseController] - com.bigroi.stock.jsontest.LotSave$1@60a8c0
2017-08-23 11:46:47,274 [INFO ][main            ][m.bigroi.stock.dao.db.LotDaoImpl] - exection LotDaoImpl.updateById
2017-08-23 11:46:47,274 [INFO ][main            ][m.bigroi.stock.dao.db.LotDaoImpl] - Lot [id=0, description=test Add, poductId=1, minPrice=10.0, salerId=1, expDate=Wed Aug 23 11:45:07 AST 2017, status=EXPIRED, volumeOfLot=600]
2017-08-23 11:46:47,439 [INFO ][main            ][m.bigroi.stock.dao.db.LotDaoImpl] - exection LotDaoImpl.updateById successfully finished
2017-08-23 11:46:53,478 [INFO ][main            ][controller.LotResourseController] - exection LotResourseController.lotSave - 'lot.update.success', successfully finished
2017-08-23 11:51:54,331 [INFO ][main            ][controller.LotResourseController] - exection LotResourseController.lotSave
2017-08-23 11:51:54,338 [INFO ][main            ][controller.LotResourseController] - 0
2017-08-23 11:51:54,386 [INFO ][main            ][controller.LotResourseController] - {"id":0,"description":"test Add","poductId":1,"minPrice":10.0,"sellerId":1,"expDate":"Aug 23, 2017 11:51:53 AM","status":"EXPIRED","volumeOfLot":600}
2017-08-23 11:52:01,393 [INFO ][main            ][controller.LotResourseController] - com.bigroi.stock.jsontest.LotSave$1@60a8c0
2017-08-23 11:53:57,645 [INFO ][main            ][m.bigroi.stock.dao.db.LotDaoImpl] - exection LotDaoImpl.add
2017-08-23 11:53:57,645 [INFO ][main            ][m.bigroi.stock.dao.db.LotDaoImpl] - Lot [id=0, description=test Add, poductId=1, minPrice=10.0, salerId=1, expDate=Wed Aug 23 11:51:53 AST 2017, status=EXPIRED, volumeOfLot=600]
2017-08-23 11:54:00,373 [INFO ][main            ][m.bigroi.stock.dao.db.LotDaoImpl] - exection LotDaoImpl.add successfully finished
2017-08-23 11:54:16,845 [INFO ][main            ][controller.LotResourseController] - exection LotResourseController.lotSave - 'lot.added.success', successfully finished
2017-08-23 11:54:21,323 [INFO ][main            ][controller.LotResourseController] - exection LotResourseController.lotSave - 'lot.update.success', successfully finished
2017-08-23 12:09:27,214 [INFO ][main            ][controller.LotResourseController] - exection LotResourseController.lotCancel
2017-08-23 12:09:27,226 [INFO ][main            ][controller.LotResourseController] - 1
2017-08-23 12:09:46,671 [INFO ][main            ][controller.LotResourseController] - {"id":1,"description":"test Add","poductId":1,"minPrice":10.0,"sellerId":1,"expDate":"Aug 23, 2017 12:09:26 PM","status":"EXPIRED","volumeOfLot":600}
2017-08-23 12:11:09,872 [INFO ][main            ][m.bigroi.stock.dao.db.LotDaoImpl] - exection LotDaoImpl.getById
2017-08-23 12:11:09,872 [INFO ][main            ][m.bigroi.stock.dao.db.LotDaoImpl] - 1
2017-08-23 12:11:13,419 [INFO ][main            ][m.bigroi.stock.dao.db.LotDaoImpl] - exection LotDaoImpl.getById return lot.get(0), successfully finished
2017-08-23 12:11:35,973 [INFO ][main            ][controller.LotResourseController] - exection LotResourseController.lotCancel - 'lot.update.success', successfully finished
2017-08-23 13:16:08,951 [INFO ][main            ][oller.ProductRenderingController] - exection ProductRenderingController.productEdit
2017-08-23 13:16:08,951 [INFO ][main            ][oller.ProductRenderingController] - 1
2017-08-23 13:16:28,452 [INFO ][main            ][oller.ProductRenderingController] - {"id":1}
2017-08-23 13:17:59,431 [INFO ][main            ][groi.stock.dao.db.ProductDaoImpl] - exection ProductDaoImpl.getById
2017-08-23 13:17:59,439 [INFO ][main            ][groi.stock.dao.db.ProductDaoImpl] - 1
2017-08-23 13:18:03,364 [INFO ][main            ][groi.stock.dao.db.ProductDaoImpl] - exection ProductDaoImpl.getById return product.get(0), successfully finished
2017-08-23 13:18:14,788 [INFO ][main            ][oller.ProductRenderingController] - execution ProductRenderingController.productEdit - get edited product
2017-08-23 13:18:16,828 [INFO ][main            ][oller.ProductRenderingController] - exection ProductRenderingController.productEdit successfully finished
2017-08-23 13:33:18,480 [INFO ][main            ][oller.ProductRenderingController] - exection ProductRenderingController.productEdit
2017-08-23 13:33:18,488 [INFO ][main            ][oller.ProductRenderingController] - -1
2017-08-23 13:33:23,513 [INFO ][main            ][oller.ProductRenderingController] - {"id":-1}
2017-08-23 13:33:46,251 [INFO ][main            ][oller.ProductRenderingController] - execution ProductRenderingController.productEdit - create new product
2017-08-23 13:33:53,827 [INFO ][main            ][oller.ProductRenderingController] - exection ProductRenderingController.productEdit successfully finished
2017-08-23 13:47:32,635 [INFO ][main            ][oller.ProductRenderingController] - exection ProductRenderingController.productSave
2017-08-23 13:47:42,500 [INFO ][main            ][oller.ProductRenderingController] - 1
2017-08-23 13:47:43,892 [INFO ][main            ][oller.ProductRenderingController] - {"id":1,"name":"test","description":"testProd"}
2017-08-23 13:49:20,230 [INFO ][main            ][groi.stock.dao.db.ProductDaoImpl] - exection ProductDaoImpl.updateById
2017-08-23 13:49:20,230 [INFO ][main            ][groi.stock.dao.db.ProductDaoImpl] - Product [id=1, name=test, description=testProd]
2017-08-23 13:49:20,403 [INFO ][main            ][groi.stock.dao.db.ProductDaoImpl] - exection ProductDaoImpl.updateById successfully finished
2017-08-23 13:49:38,022 [INFO ][main            ][oller.ProductRenderingController] - execution ProductRenderingController.productSave - update product
2017-08-23 13:49:39,540 [INFO ][main            ][oller.ProductRenderingController] - exection ProductRenderingController.productSave successfully finished
2017-08-23 13:49:42,401 [INFO ][main            ][oller.ProductRenderingController] - exection ProductRenderingController.listOfProducts
2017-08-23 13:49:42,401 [INFO ][main            ][groi.stock.dao.db.ProductDaoImpl] - exection ProductDaoImpl.getAllProduct
2017-08-23 13:49:43,279 [INFO ][main            ][groi.stock.dao.db.ProductDaoImpl] - exection ProductDaoImpl.getAllProduct successfully finished
2017-08-23 13:49:43,287 [INFO ][main            ][oller.ProductRenderingController] - exection ProductRenderingController.listOfProducts successfully finished
2017-08-23 13:50:53,173 [INFO ][main            ][oller.ProductRenderingController] - exection ProductRenderingController.productSave
2017-08-23 13:50:58,294 [INFO ][main            ][oller.ProductRenderingController] - 0
2017-08-23 13:50:59,563 [INFO ][main            ][oller.ProductRenderingController] - {"id":0,"name":"test","description":"testProd"}
2017-08-23 13:52:22,220 [INFO ][main            ][groi.stock.dao.db.ProductDaoImpl] - exection ProductDaoImpl.updateById
2017-08-23 13:52:22,220 [INFO ][main            ][groi.stock.dao.db.ProductDaoImpl] - Product [id=0, name=test, description=testProd]
2017-08-23 13:52:22,385 [INFO ][main            ][groi.stock.dao.db.ProductDaoImpl] - exection ProductDaoImpl.updateById successfully finished
2017-08-23 13:52:41,736 [INFO ][main            ][oller.ProductRenderingController] - execution ProductRenderingController.productSave - update product
2017-08-23 13:52:43,092 [INFO ][main            ][oller.ProductRenderingController] - exection ProductRenderingController.productSave successfully finished
2017-08-23 13:53:51,423 [INFO ][main            ][oller.ProductRenderingController] - exection ProductRenderingController.productSave
2017-08-23 13:53:56,963 [INFO ][main            ][oller.ProductRenderingController] - 0
2017-08-23 13:53:59,199 [INFO ][main            ][oller.ProductRenderingController] - {"id":0,"name":"test","description":"testProd"}
2017-08-23 13:55:49,001 [INFO ][main            ][groi.stock.dao.db.ProductDaoImpl] - exection ProductDaoImpl.add
2017-08-23 13:55:49,009 [INFO ][main            ][groi.stock.dao.db.ProductDaoImpl] - Product [id=0, name=test, description=testProd]
2017-08-23 13:55:51,690 [INFO ][main            ][groi.stock.dao.db.ProductDaoImpl] - exection ProductDaoImpl.add successfully finished
2017-08-23 13:56:05,147 [INFO ][main            ][oller.ProductRenderingController] - execution ProductRenderingController.productSave - create new product
2017-08-23 13:56:07,165 [INFO ][main            ][oller.ProductRenderingController] - exection ProductRenderingController.productSave successfully finished
2017-08-23 13:56:08,269 [INFO ][main            ][oller.ProductRenderingController] - exection ProductRenderingController.listOfProducts
2017-08-23 13:56:08,269 [INFO ][main            ][groi.stock.dao.db.ProductDaoImpl] - exection ProductDaoImpl.getAllProduct
2017-08-23 13:56:09,117 [INFO ][main            ][groi.stock.dao.db.ProductDaoImpl] - exection ProductDaoImpl.getAllProduct successfully finished
2017-08-23 13:56:09,117 [INFO ][main            ][oller.ProductRenderingController] - exection ProductRenderingController.listOfProducts successfully finished
2017-08-23 14:17:22,166 [INFO ][main            ][oller.ProductRenderingController] - exection ProductRenderingController.listOfProducts
2017-08-23 14:17:24,159 [INFO ][main            ][oller.ProductRenderingController] - {"id":0}
2017-08-23 14:18:50,549 [INFO ][main            ][groi.stock.dao.db.ProductDaoImpl] - exection ProductDaoImpl.getAllProduct
2017-08-23 14:18:54,094 [INFO ][main            ][groi.stock.dao.db.ProductDaoImpl] - exection ProductDaoImpl.getAllProduct successfully finished
2017-08-23 14:19:07,154 [INFO ][main            ][oller.ProductRenderingController] - exection ProductRenderingController.listOfProducts successfully finished
2017-08-23 14:20:32,305 [INFO ][main            ][oller.ProductRenderingController] - exection ProductRenderingController.listOfProducts
2017-08-23 14:20:33,659 [INFO ][main            ][oller.ProductRenderingController] - {"id":0}
2017-08-23 14:22:14,938 [INFO ][main            ][groi.stock.dao.db.ProductDaoImpl] - exection ProductDaoImpl.getAllProduct
2017-08-23 14:22:19,156 [INFO ][main            ][groi.stock.dao.db.ProductDaoImpl] - exection ProductDaoImpl.getAllProduct successfully finished
2017-08-23 14:24:37,934 [INFO ][main            ][oller.ProductRenderingController] - exection ProductRenderingController.listOfProducts
2017-08-23 14:24:39,531 [INFO ][main            ][oller.ProductRenderingController] - {"id":0}
2017-08-23 14:26:10,534 [INFO ][main            ][groi.stock.dao.db.ProductDaoImpl] - exection ProductDaoImpl.getAllProduct
2017-08-23 14:26:14,250 [INFO ][main            ][groi.stock.dao.db.ProductDaoImpl] - exection ProductDaoImpl.getAllProduct successfully finished
2017-08-23 14:26:39,695 [INFO ][main            ][oller.ProductRenderingController] - exection ProductRenderingController.listOfProducts successfully finished
2017-08-23 14:28:40,243 [INFO ][main            ][oller.ProductRenderingController] - exection ProductRenderingController.listOfProducts
2017-08-23 14:30:15,473 [INFO ][main            ][groi.stock.dao.db.ProductDaoImpl] - exection ProductDaoImpl.getAllProduct
2017-08-23 14:30:20,546 [INFO ][main            ][groi.stock.dao.db.ProductDaoImpl] - exection ProductDaoImpl.getAllProduct successfully finished
2017-08-23 14:30:28,093 [INFO ][main            ][oller.ProductRenderingController] - exection ProductRenderingController.listOfProducts successfully finished
2017-08-23 14:53:08,495 [INFO ][main            ][oller.ProductRenderingController] - exection ProductRenderingController.tradeOffers
2017-08-23 14:53:12,039 [INFO ][main            ][oller.ProductRenderingController] - 1
2017-08-23 14:54:46,597 [INFO ][main            ][groi.stock.dao.db.ProductDaoImpl] - exection ProductDaoImpl.getById
2017-08-23 14:54:46,605 [INFO ][main            ][groi.stock.dao.db.ProductDaoImpl] - 1
2017-08-23 14:54:51,704 [INFO ][main            ][groi.stock.dao.db.ProductDaoImpl] - exection ProductDaoImpl.getById return product.get(0), successfully finished
2017-08-23 14:56:14,670 [INFO ][main            ][m.bigroi.stock.dao.db.LotDaoImpl] - exection LotDaoImpl.getByProductIdInGameOrderMinPrice
2017-08-23 14:56:14,676 [INFO ][main            ][m.bigroi.stock.dao.db.LotDaoImpl] - 1
2017-08-23 14:56:14,971 [INFO ][main            ][m.bigroi.stock.dao.db.LotDaoImpl] - exection LotDaoImpl.getByProductIdInGameOrderMinPrice successfully finished
2017-08-23 14:56:19,640 [INFO ][main            ][igroi.stock.dao.db.TenderDaoImpl] - exection TenderDaoImpl.getByProductIdInGameOrderMaxPriceDesc
2017-08-23 14:56:19,645 [INFO ][main            ][igroi.stock.dao.db.TenderDaoImpl] - 1
2017-08-23 14:56:19,933 [INFO ][main            ][igroi.stock.dao.db.TenderDaoImpl] - exection TenderDaoImpl.getByProductIdInGameOrderMaxPriceDesc successfully finished
2017-08-23 14:56:31,689 [INFO ][main            ][oller.ProductRenderingController] - exection ProductRenderingController.tradeOffers successfully finished
2017-08-23 15:05:31,359 [INFO ][main            ][oller.ProductRenderingController] - exection ProductRenderingController.tradeOffers
2017-08-23 15:05:32,238 [INFO ][main            ][oller.ProductRenderingController] - 1
2017-08-23 15:07:29,041 [INFO ][main            ][groi.stock.dao.db.ProductDaoImpl] - exection ProductDaoImpl.getById
2017-08-23 15:07:29,049 [INFO ][main            ][groi.stock.dao.db.ProductDaoImpl] - 1
2017-08-23 15:07:33,021 [INFO ][main            ][groi.stock.dao.db.ProductDaoImpl] - exection ProductDaoImpl.getById return product.get(0), successfully finished
2017-08-23 15:07:57,789 [INFO ][main            ][m.bigroi.stock.dao.db.LotDaoImpl] - exection LotDaoImpl.getByProductIdInGameOrderMinPrice
2017-08-23 15:07:57,796 [INFO ][main            ][m.bigroi.stock.dao.db.LotDaoImpl] - 1
2017-08-23 15:07:58,334 [INFO ][main            ][m.bigroi.stock.dao.db.LotDaoImpl] - exection LotDaoImpl.getByProductIdInGameOrderMinPrice successfully finished
2017-08-23 15:08:01,990 [INFO ][main            ][igroi.stock.dao.db.TenderDaoImpl] - exection TenderDaoImpl.getByProductIdInGameOrderMaxPriceDesc
2017-08-23 15:08:02,000 [INFO ][main            ][igroi.stock.dao.db.TenderDaoImpl] - 1
2017-08-23 15:08:02,429 [INFO ][main            ][igroi.stock.dao.db.TenderDaoImpl] - exection TenderDaoImpl.getByProductIdInGameOrderMaxPriceDesc successfully finished
2017-08-23 15:08:13,666 [INFO ][main            ][oller.ProductRenderingController] - exection ProductRenderingController.tradeOffers successfully finished
2017-08-23 15:10:23,617 [INFO ][main            ][oller.ProductRenderingController] - exection ProductRenderingController.tradeOffers
2017-08-23 15:10:35,547 [INFO ][main            ][oller.ProductRenderingController] - 1
2017-08-23 15:12:16,427 [INFO ][main            ][groi.stock.dao.db.ProductDaoImpl] - exection ProductDaoImpl.getById
2017-08-23 15:12:16,435 [INFO ][main            ][groi.stock.dao.db.ProductDaoImpl] - 1
2017-08-23 15:12:20,310 [INFO ][main            ][groi.stock.dao.db.ProductDaoImpl] - exection ProductDaoImpl.getById return product.get(0), successfully finished
2017-08-23 15:12:41,796 [INFO ][main            ][m.bigroi.stock.dao.db.LotDaoImpl] - exection LotDaoImpl.getByProductIdInGameOrderMinPrice
2017-08-23 15:12:41,800 [INFO ][main            ][m.bigroi.stock.dao.db.LotDaoImpl] - 1
2017-08-23 15:12:42,102 [INFO ][main            ][m.bigroi.stock.dao.db.LotDaoImpl] - exection LotDaoImpl.getByProductIdInGameOrderMinPrice successfully finished
2017-08-23 15:12:47,968 [INFO ][main            ][igroi.stock.dao.db.TenderDaoImpl] - exection TenderDaoImpl.getByProductIdInGameOrderMaxPriceDesc
2017-08-23 15:12:47,972 [INFO ][main            ][igroi.stock.dao.db.TenderDaoImpl] - 1
2017-08-23 15:12:48,248 [INFO ][main            ][igroi.stock.dao.db.TenderDaoImpl] - exection TenderDaoImpl.getByProductIdInGameOrderMaxPriceDesc successfully finished
2017-08-23 15:12:50,379 [INFO ][main            ][oller.ProductRenderingController] - exection ProductRenderingController.tradeOffers successfully finished
2017-08-23 15:17:09,726 [INFO ][main            ][oller.ProductRenderingController] - exection ProductRenderingController.tradeOffers
2017-08-23 15:17:09,735 [INFO ][main            ][oller.ProductRenderingController] - 1
2017-08-23 15:17:14,286 [INFO ][main            ][groi.stock.dao.db.ProductDaoImpl] - exection ProductDaoImpl.getById
2017-08-23 15:17:14,286 [INFO ][main            ][groi.stock.dao.db.ProductDaoImpl] - 1
2017-08-23 15:17:15,965 [INFO ][main            ][groi.stock.dao.db.ProductDaoImpl] - exection ProductDaoImpl.getById return product.get(0), successfully finished
2017-08-23 15:17:15,968 [INFO ][main            ][m.bigroi.stock.dao.db.LotDaoImpl] - exection LotDaoImpl.getByProductIdInGameOrderMinPrice
2017-08-23 15:17:15,969 [INFO ][main            ][m.bigroi.stock.dao.db.LotDaoImpl] - 1
2017-08-23 15:17:16,041 [INFO ][main            ][m.bigroi.stock.dao.db.LotDaoImpl] - exection LotDaoImpl.getByProductIdInGameOrderMinPrice successfully finished
2017-08-23 15:17:16,041 [INFO ][main            ][igroi.stock.dao.db.TenderDaoImpl] - exection TenderDaoImpl.getByProductIdInGameOrderMaxPriceDesc
2017-08-23 15:17:16,041 [INFO ][main            ][igroi.stock.dao.db.TenderDaoImpl] - 1
2017-08-23 15:17:16,102 [INFO ][main            ][igroi.stock.dao.db.TenderDaoImpl] - exection TenderDaoImpl.getByProductIdInGameOrderMaxPriceDesc successfully finished
2017-08-23 15:17:16,102 [INFO ][main            ][oller.ProductRenderingController] - exection ProductRenderingController.tradeOffers successfully finished
2017-08-23 15:17:42,570 [INFO ][main            ][oller.ProductRenderingController] - exection ProductRenderingController.tradeOffers
2017-08-23 15:17:48,694 [INFO ][main            ][oller.ProductRenderingController] - 1
2017-08-23 15:19:29,981 [INFO ][main            ][groi.stock.dao.db.ProductDaoImpl] - exection ProductDaoImpl.getById
2017-08-23 15:19:29,989 [INFO ][main            ][groi.stock.dao.db.ProductDaoImpl] - 1
2017-08-23 15:19:33,965 [INFO ][main            ][groi.stock.dao.db.ProductDaoImpl] - exection ProductDaoImpl.getById return product.get(0), successfully finished
2017-08-23 15:19:50,542 [INFO ][main            ][m.bigroi.stock.dao.db.LotDaoImpl] - exection LotDaoImpl.getByProductIdInGameOrderMinPrice
2017-08-23 15:19:50,546 [INFO ][main            ][m.bigroi.stock.dao.db.LotDaoImpl] - 1
2017-08-23 15:19:50,817 [INFO ][main            ][m.bigroi.stock.dao.db.LotDaoImpl] - exection LotDaoImpl.getByProductIdInGameOrderMinPrice successfully finished
2017-08-23 15:19:59,295 [INFO ][main            ][igroi.stock.dao.db.TenderDaoImpl] - exection TenderDaoImpl.getByProductIdInGameOrderMaxPriceDesc
2017-08-23 15:19:59,299 [INFO ][main            ][igroi.stock.dao.db.TenderDaoImpl] - 1
2017-08-23 15:19:59,550 [INFO ][main            ][igroi.stock.dao.db.TenderDaoImpl] - exection TenderDaoImpl.getByProductIdInGameOrderMaxPriceDesc successfully finished
2017-08-23 15:20:43,237 [INFO ][main            ][oller.ProductRenderingController] - exection ProductRenderingController.tradeOffers successfully finished
2017-08-23 15:22:23,394 [INFO ][main            ][oller.ProductRenderingController] - exection ProductRenderingController.tradeOffers
2017-08-23 15:22:23,407 [INFO ][main            ][oller.ProductRenderingController] - 1
2017-08-23 15:22:42,360 [INFO ][main            ][oller.ProductRenderingController] - exection ProductRenderingController.tradeOffers
2017-08-23 15:22:42,369 [INFO ][main            ][oller.ProductRenderingController] - 1
2017-08-23 15:24:25,211 [INFO ][main            ][groi.stock.dao.db.ProductDaoImpl] - exection ProductDaoImpl.getById
2017-08-23 15:24:25,219 [INFO ][main            ][groi.stock.dao.db.ProductDaoImpl] - 1
2017-08-23 15:24:29,547 [INFO ][main            ][groi.stock.dao.db.ProductDaoImpl] - exection ProductDaoImpl.getById return product.get(0), successfully finished
2017-08-23 15:24:38,547 [INFO ][main            ][m.bigroi.stock.dao.db.LotDaoImpl] - exection LotDaoImpl.getByProductIdInGameOrderMinPrice
2017-08-23 15:24:38,554 [INFO ][main            ][m.bigroi.stock.dao.db.LotDaoImpl] - 1
2017-08-23 15:24:38,875 [INFO ][main            ][m.bigroi.stock.dao.db.LotDaoImpl] - exection LotDaoImpl.getByProductIdInGameOrderMinPrice successfully finished
2017-08-23 15:24:40,743 [INFO ][main            ][igroi.stock.dao.db.TenderDaoImpl] - exection TenderDaoImpl.getByProductIdInGameOrderMaxPriceDesc
2017-08-23 15:24:40,750 [INFO ][main            ][igroi.stock.dao.db.TenderDaoImpl] - 1
2017-08-23 15:24:41,004 [INFO ][main            ][igroi.stock.dao.db.TenderDaoImpl] - exection TenderDaoImpl.getByProductIdInGameOrderMaxPriceDesc successfully finished
2017-08-23 15:24:47,173 [INFO ][main            ][oller.ProductRenderingController] - exection ProductRenderingController.tradeOffers successfully finished
2017-08-23 16:14:07,599 [INFO ][main            ][roller.TenderRenderingController] - exection TenderRenderingController.tenderEdit
2017-08-23 16:14:07,607 [INFO ][main            ][roller.TenderRenderingController] - 1
2017-08-23 16:14:07,607 [INFO ][main            ][roller.TenderRenderingController] - com.bigroi.stock.jsontest.TenderEdit$1@4afd8d
2017-08-23 16:14:11,451 [INFO ][main            ][igroi.stock.dao.db.TenderDaoImpl] - exection TenderDaoImpl.getById
2017-08-23 16:14:11,451 [INFO ][main            ][igroi.stock.dao.db.TenderDaoImpl] - 1
2017-08-23 16:14:12,880 [INFO ][main            ][igroi.stock.dao.db.TenderDaoImpl] - exection TenderDaoImpl.getById return tender.get(0), successfully finished
2017-08-23 16:14:12,880 [INFO ][main            ][roller.TenderRenderingController] - execution TenderRenderingController.tenderEdit - get edited tender
2017-08-23 16:14:12,888 [INFO ][main            ][groi.stock.dao.db.ProductDaoImpl] - exection ProductDaoImpl.getAllProduct
2017-08-23 16:14:12,959 [INFO ][main            ][groi.stock.dao.db.ProductDaoImpl] - exection ProductDaoImpl.getAllProduct successfully finished
2017-08-23 16:14:12,959 [INFO ][main            ][roller.TenderRenderingController] - exection TenderRenderingController.tenderEdit successfully finished
2017-08-23 16:14:29,916 [INFO ][main            ][roller.TenderRenderingController] - exection TenderRenderingController.tenderEdit
2017-08-23 16:14:35,547 [INFO ][main            ][roller.TenderRenderingController] - 1
2017-08-23 16:14:36,577 [INFO ][main            ][roller.TenderRenderingController] - com.bigroi.stock.jsontest.TenderEdit$1@1490758
2017-08-23 16:16:11,407 [INFO ][main            ][igroi.stock.dao.db.TenderDaoImpl] - exection TenderDaoImpl.getById
2017-08-23 16:16:11,415 [INFO ][main            ][igroi.stock.dao.db.TenderDaoImpl] - 1
2017-08-23 16:16:15,074 [INFO ][main            ][igroi.stock.dao.db.TenderDaoImpl] - exection TenderDaoImpl.getById return tender.get(0), successfully finished
2017-08-23 16:16:31,828 [INFO ][main            ][roller.TenderRenderingController] - execution TenderRenderingController.tenderEdit - get edited tender
2017-08-23 16:16:36,329 [INFO ][main            ][groi.stock.dao.db.ProductDaoImpl] - exection ProductDaoImpl.getAllProduct
2017-08-23 16:16:36,581 [INFO ][main            ][groi.stock.dao.db.ProductDaoImpl] - exection ProductDaoImpl.getAllProduct successfully finished
2017-08-23 16:16:38,120 [INFO ][main            ][roller.TenderRenderingController] - exection TenderRenderingController.tenderEdit successfully finished
2017-08-23 16:17:17,963 [INFO ][main            ][roller.TenderRenderingController] - exection TenderRenderingController.tenderEdit
2017-08-23 16:17:24,051 [INFO ][main            ][roller.TenderRenderingController] - 0
2017-08-23 16:17:27,314 [INFO ][main            ][roller.TenderRenderingController] - com.bigroi.stock.jsontest.TenderEdit$1@1490758
2017-08-23 16:18:59,643 [INFO ][main            ][igroi.stock.dao.db.TenderDaoImpl] - exection TenderDaoImpl.getById
2017-08-23 16:18:59,643 [INFO ][main            ][igroi.stock.dao.db.TenderDaoImpl] - 0
2017-08-23 16:19:03,205 [INFO ][main            ][igroi.stock.dao.db.TenderDaoImpl] - exection TenderDaoImpl.getById return null, successfully finished
2017-08-23 16:19:50,525 [INFO ][main            ][roller.TenderRenderingController] - exection TenderRenderingController.tenderEdit
2017-08-23 16:19:58,069 [INFO ][main            ][roller.TenderRenderingController] - -1
2017-08-23 16:19:59,891 [INFO ][main            ][roller.TenderRenderingController] - com.bigroi.stock.jsontest.TenderEdit$1@1490758
2017-08-23 16:20:42,937 [INFO ][main            ][roller.TenderRenderingController] - execution TenderRenderingController.tenderEdit - create new tender
2017-08-23 16:22:30,497 [INFO ][main            ][groi.stock.dao.db.ProductDaoImpl] - exection ProductDaoImpl.getAllProduct
2017-08-23 16:22:35,547 [INFO ][main            ][groi.stock.dao.db.ProductDaoImpl] - exection ProductDaoImpl.getAllProduct successfully finished
2017-08-23 16:23:21,032 [INFO ][main            ][roller.TenderRenderingController] - exection TenderRenderingController.tenderEdit successfully finished
2017-08-23 16:32:08,085 [INFO ][main            ][roller.TenderRenderingController] - exection TenderRenderingController.tenderSave
2017-08-23 16:32:08,093 [INFO ][main            ][roller.TenderRenderingController] - {"id":1,"description":"Javatest","productId":1,"maxPrice":4.0,"customerId":1,"status":"DRAFT","expDate":"Aug 23, 2017 4:32:06 PM","volumeOfTender":500}
2017-08-23 16:32:16,071 [INFO ][main            ][roller.TenderRenderingController] - com.bigroi.stock.jsontest.TenderSave$1@187b79e
2017-08-23 16:34:24,864 [INFO ][main            ][igroi.stock.dao.db.TenderDaoImpl] - exection TenderDaoImpl.updateById
2017-08-23 16:34:24,870 [INFO ][main            ][igroi.stock.dao.db.TenderDaoImpl] - Tender [id=1, description=Javatest, productId=1, maxPrice=4.0, customerId=1, status=DRAFT, expDate=Wed Aug 23 16:32:06 AST 2017, volumeOfTender=500]
2017-08-23 16:34:25,099 [INFO ][main            ][igroi.stock.dao.db.TenderDaoImpl] - exection TenderDaoImpl.updateById successfully finished
2017-08-23 16:34:38,414 [INFO ][main            ][roller.TenderRenderingController] - execution TenderRenderingController.tenderSave - update tender
2017-08-23 16:34:41,789 [INFO ][main            ][roller.TenderRenderingController] - exection TenderRenderingController.tenderSave successfully finished
2017-08-23 16:34:52,971 [INFO ][main            ][roller.TenderRenderingController] - exection TenderRenderingController.myTenderList
2017-08-23 16:34:52,977 [INFO ][main            ][roller.TenderRenderingController] - com.bigroi.stock.jsontest.TenderSave$1@187b79e
2017-08-23 16:34:52,983 [INFO ][main            ][igroi.stock.dao.db.TenderDaoImpl] - exection TenderDaoImpl.getByCustomerId
2017-08-23 16:34:52,988 [INFO ][main            ][igroi.stock.dao.db.TenderDaoImpl] - 1
2017-08-23 16:34:53,317 [INFO ][main            ][igroi.stock.dao.db.TenderDaoImpl] - exection TenderDaoImpl.getByCustomerId successfully finished
2017-08-23 16:34:53,323 [INFO ][main            ][roller.TenderRenderingController] - exection TenderRenderingController.myTenderList successfully finished
2017-08-23 16:36:06,508 [INFO ][main            ][roller.TenderRenderingController] - exection TenderRenderingController.tenderSave
2017-08-23 16:36:06,516 [INFO ][main            ][roller.TenderRenderingController] - {"id":1,"description":"JavatestAdd","productId":1,"maxPrice":4.0,"customerId":1,"status":"DRAFT","expDate":"Aug 23, 2017 4:36:05 PM","volumeOfTender":500}
2017-08-23 16:36:12,271 [INFO ][main            ][roller.TenderRenderingController] - com.bigroi.stock.jsontest.TenderSave$1@187b79e
2017-08-23 16:36:40,874 [INFO ][main            ][roller.TenderRenderingController] - exection TenderRenderingController.tenderSave
2017-08-23 16:36:40,884 [INFO ][main            ][roller.TenderRenderingController] - {"id":0,"description":"JavatestAdd","productId":1,"maxPrice":4.0,"customerId":1,"status":"DRAFT","expDate":"Aug 23, 2017 4:36:39 PM","volumeOfTender":500}
2017-08-23 16:36:50,687 [INFO ][main            ][roller.TenderRenderingController] - com.bigroi.stock.jsontest.TenderSave$1@187b79e
2017-08-23 16:38:09,331 [INFO ][main            ][roller.TenderRenderingController] - exection TenderRenderingController.tenderSave
2017-08-23 16:38:09,340 [INFO ][main            ][roller.TenderRenderingController] - {"id":0,"description":"JavatestAdd","productId":1,"maxPrice":4.0,"customerId":1,"status":"DRAFT","expDate":"Aug 23, 2017 4:38:08 PM","volumeOfTender":500}
2017-08-23 16:38:15,628 [INFO ][main            ][roller.TenderRenderingController] - com.bigroi.stock.jsontest.TenderSave$1@187b79e
2017-08-23 16:40:00,370 [INFO ][main            ][igroi.stock.dao.db.TenderDaoImpl] - exection TenderDaoImpl.add
2017-08-23 16:40:00,375 [INFO ][main            ][igroi.stock.dao.db.TenderDaoImpl] - Tender [id=0, description=JavatestAdd, productId=1, maxPrice=4.0, customerId=1, status=DRAFT, expDate=Wed Aug 23 16:38:08 AST 2017, volumeOfTender=500]
2017-08-23 16:40:05,210 [INFO ][main            ][igroi.stock.dao.db.TenderDaoImpl] - exection TenderDaoImpl.add successfully finished
2017-08-23 16:40:39,833 [INFO ][main            ][roller.TenderRenderingController] - execution TenderRenderingController.tenderSave - save new tender
2017-08-23 16:40:41,689 [INFO ][main            ][roller.TenderRenderingController] - exection TenderRenderingController.tenderSave successfully finished
2017-08-23 16:40:42,409 [INFO ][main            ][roller.TenderRenderingController] - exection TenderRenderingController.myTenderList
2017-08-23 16:40:42,413 [INFO ][main            ][roller.TenderRenderingController] - com.bigroi.stock.jsontest.TenderSave$1@187b79e
2017-08-23 16:40:42,417 [INFO ][main            ][igroi.stock.dao.db.TenderDaoImpl] - exection TenderDaoImpl.getByCustomerId
2017-08-23 16:40:42,421 [INFO ][main            ][igroi.stock.dao.db.TenderDaoImpl] - 1
2017-08-23 16:40:42,866 [INFO ][main            ][igroi.stock.dao.db.TenderDaoImpl] - exection TenderDaoImpl.getByCustomerId successfully finished
2017-08-23 16:40:42,872 [INFO ][main            ][roller.TenderRenderingController] - exection TenderRenderingController.myTenderList successfully finished
2017-08-23 16:45:58,925 [INFO ][main            ][roller.TenderRenderingController] - exection TenderRenderingController.myTenderList
2017-08-23 16:46:05,006 [INFO ][main            ][roller.TenderRenderingController] - com.bigroi.stock.jsontest.TenderList$1@a9f84e
2017-08-23 16:47:41,787 [INFO ][main            ][igroi.stock.dao.db.TenderDaoImpl] - exection TenderDaoImpl.getByCustomerId
2017-08-23 16:47:41,795 [INFO ][main            ][igroi.stock.dao.db.TenderDaoImpl] - 1
2017-08-23 16:47:45,943 [INFO ][main            ][igroi.stock.dao.db.TenderDaoImpl] - exection TenderDaoImpl.getByCustomerId successfully finished
2017-08-23 16:48:13,240 [INFO ][main            ][roller.TenderRenderingController] - exection TenderRenderingController.myTenderList successfully finished
2017-08-23 16:56:04,411 [INFO ][main            ][roller.TenderRenderingController] - exection TenderRenderingController.tenderInGame
2017-08-23 16:56:04,418 [INFO ][main            ][roller.TenderRenderingController] - 12
2017-08-23 16:56:04,435 [INFO ][main            ][roller.TenderRenderingController] - {"id":12,"description":"JavatestInGAme","productId":1,"maxPrice":4.0,"customerId":1,"status":"DRAFT","expDate":"Aug 23, 2017 4:56:03 PM","volumeOfTender":888}
2017-08-23 16:56:12,501 [INFO ][main            ][roller.TenderRenderingController] - com.bigroi.stock.jsontest.TenderInGame$1@187b79e
2017-08-23 16:58:28,000 [INFO ][main            ][igroi.stock.dao.db.TenderDaoImpl] - exection TenderDaoImpl.getById
2017-08-23 16:58:28,008 [INFO ][main            ][igroi.stock.dao.db.TenderDaoImpl] - 12
2017-08-23 16:58:33,515 [INFO ][main            ][igroi.stock.dao.db.TenderDaoImpl] - exection TenderDaoImpl.getById return tender.get(0), successfully finished
2017-08-23 16:58:44,723 [INFO ][main            ][igroi.stock.dao.db.TenderDaoImpl] - exection TenderDaoImpl.updateById
2017-08-23 16:58:44,731 [INFO ][main            ][igroi.stock.dao.db.TenderDaoImpl] - Tender [id=12, description=JavatestInGAme, productId=1, maxPrice=4.0, customerId=1, status=DRAFT, expDate=Wed Aug 23 16:56:03 AST 2017, volumeOfTender=888]
2017-08-23 16:58:44,731 [INFO ][main            ][igroi.stock.dao.db.TenderDaoImpl] - exection TenderDaoImpl.updateById successfully finished
2017-08-23 16:59:00,408 [INFO ][main            ][roller.TenderRenderingController] - execution TenderRenderingController.tenderInGame - change status IN_GAME
2017-08-23 16:59:01,846 [INFO ][main            ][roller.TenderRenderingController] - exection TenderRenderingController.tenderInGame successfully finished
2017-08-23 16:59:03,773 [INFO ][main            ][roller.TenderRenderingController] - exection TenderRenderingController.myTenderList
2017-08-23 16:59:03,781 [INFO ][main            ][roller.TenderRenderingController] - com.bigroi.stock.jsontest.TenderInGame$1@187b79e
2017-08-23 16:59:03,789 [INFO ][main            ][igroi.stock.dao.db.TenderDaoImpl] - exection TenderDaoImpl.getByCustomerId
2017-08-23 16:59:03,789 [INFO ][main            ][igroi.stock.dao.db.TenderDaoImpl] - 1
2017-08-23 16:59:03,992 [INFO ][main            ][igroi.stock.dao.db.TenderDaoImpl] - exection TenderDaoImpl.getByCustomerId successfully finished
2017-08-23 16:59:04,000 [INFO ][main            ][roller.TenderRenderingController] - exection TenderRenderingController.myTenderList successfully finished
2017-08-23 17:02:57,345 [INFO ][main            ][roller.TenderRenderingController] - exection TenderRenderingController.lotCancel
2017-08-23 17:02:57,354 [INFO ][main            ][roller.TenderRenderingController] - 12
2017-08-23 17:02:57,356 [INFO ][main            ][roller.TenderRenderingController] - {"id":12,"description":"lotCancel","productId":1,"maxPrice":4.0,"customerId":1,"status":"DRAFT","expDate":"Aug 23, 2017 5:02:56 PM","volumeOfTender":777}
2017-08-23 17:03:05,416 [INFO ][main            ][roller.TenderRenderingController] - com.bigroi.stock.jsontest.TenderLotCancel$1@187b79e
2017-08-23 17:04:42,727 [INFO ][main            ][igroi.stock.dao.db.TenderDaoImpl] - exection TenderDaoImpl.getById
2017-08-23 17:04:42,735 [INFO ][main            ][igroi.stock.dao.db.TenderDaoImpl] - 12
2017-08-23 17:04:46,291 [INFO ][main            ][igroi.stock.dao.db.TenderDaoImpl] - exection TenderDaoImpl.getById return tender.get(0), successfully finished
2017-08-23 17:05:02,712 [INFO ][main            ][igroi.stock.dao.db.TenderDaoImpl] - exection TenderDaoImpl.updateById
2017-08-23 17:05:02,720 [INFO ][main            ][igroi.stock.dao.db.TenderDaoImpl] - Tender [id=12, description=lotCancel, productId=1, maxPrice=4.0, customerId=1, status=DRAFT, expDate=Wed Aug 23 17:02:56 AST 2017, volumeOfTender=777]
2017-08-23 17:05:02,720 [INFO ][main            ][igroi.stock.dao.db.TenderDaoImpl] - exection TenderDaoImpl.updateById successfully finished
2017-08-23 17:05:28,977 [INFO ][main            ][roller.TenderRenderingController] - execution TenderRenderingController.lotCancel - change status CANCELED
2017-08-23 17:05:30,994 [INFO ][main            ][roller.TenderRenderingController] - exection TenderRenderingController.lotCancel successfully finished
2017-08-23 17:05:32,123 [INFO ][main            ][roller.TenderRenderingController] - exection TenderRenderingController.myTenderList
2017-08-23 17:05:32,123 [INFO ][main            ][roller.TenderRenderingController] - com.bigroi.stock.jsontest.TenderLotCancel$1@187b79e
2017-08-23 17:05:32,130 [INFO ][main            ][igroi.stock.dao.db.TenderDaoImpl] - exection TenderDaoImpl.getByCustomerId
2017-08-23 17:05:32,130 [INFO ][main            ][igroi.stock.dao.db.TenderDaoImpl] - 1
2017-08-23 17:05:32,334 [INFO ][main            ][igroi.stock.dao.db.TenderDaoImpl] - exection TenderDaoImpl.getByCustomerId successfully finished
2017-08-23 17:05:32,342 [INFO ][main            ][roller.TenderRenderingController] - exection TenderRenderingController.myTenderList successfully finished
