2017-09-29 10:42:20,444 [INFO ][main            ][groi.stock.dao.db.PreDealDaoImpl] - exection PreDealDaoImpl.List<PreDeal>.getAllPreDeal
2017-09-29 10:42:21,772 [INFO ][main            ][groi.stock.dao.db.PreDealDaoImpl] - exection PreDealDaoImpl.getAllPreDeal successfully finished
2017-09-29 11:28:51,586 [INFO ][main            ][groi.stock.dao.db.PreDealDaoImpl] - exection PreDealDaoImpl.List<PreDeal>.getAllPreDeal
2017-09-29 11:28:52,993 [INFO ][main            ][groi.stock.dao.db.PreDealDaoImpl] - exection PreDealDaoImpl.getAllPreDeal successfully finished
2017-09-29 11:30:06,944 [INFO ][main            ][groi.stock.dao.db.PreDealDaoImpl] - exection PreDealDaoImpl.List<PreDeal>.getAllPreDeal
2017-09-29 11:30:08,640 [INFO ][main            ][groi.stock.dao.db.PreDealDaoImpl] - exection PreDealDaoImpl.getAllPreDeal successfully finished
2017-09-29 11:31:06,939 [INFO ][main            ][groi.stock.dao.db.PreDealDaoImpl] - exection PreDealDaoImpl.List<PreDeal>.getAllPreDeal
2017-09-29 11:31:08,212 [INFO ][main            ][groi.stock.dao.db.PreDealDaoImpl] - exection PreDealDaoImpl.getAllPreDeal successfully finished
2017-09-29 11:36:38,003 [INFO ][main            ][groi.stock.dao.db.ProductDaoImpl] - exection ProductDaoImpl.getAllProduct
2017-09-29 11:36:39,341 [INFO ][main            ][groi.stock.dao.db.ProductDaoImpl] - exection ProductDaoImpl.getAllProduct successfully finished
2017-09-29 11:37:36,733 [INFO ][main            ][groi.stock.dao.db.ProductDaoImpl] - exection ProductDaoImpl.getAllProduct
2017-09-29 11:37:37,928 [INFO ][main            ][groi.stock.dao.db.ProductDaoImpl] - exection ProductDaoImpl.getAllProduct successfully finished
2017-09-29 11:38:39,464 [INFO ][main            ][groi.stock.dao.db.ProductDaoImpl] - exection ProductDaoImpl.getAllProduct
2017-09-29 11:38:40,909 [INFO ][main            ][groi.stock.dao.db.ProductDaoImpl] - exection ProductDaoImpl.getAllProduct successfully finished
2017-09-29 11:39:16,410 [INFO ][main            ][groi.stock.dao.db.ProductDaoImpl] - exection ProductDaoImpl.getAllProduct
2017-09-29 11:39:17,738 [INFO ][main            ][groi.stock.dao.db.ProductDaoImpl] - exection ProductDaoImpl.getAllProduct successfully finished
2017-09-29 11:39:46,575 [INFO ][main            ][groi.stock.dao.db.ProductDaoImpl] - exection ProductDaoImpl.getAllProduct
2017-09-29 11:39:47,998 [INFO ][main            ][groi.stock.dao.db.ProductDaoImpl] - exection ProductDaoImpl.getAllProduct successfully finished
2017-09-29 13:30:25,612 [INFO ][main            ][m.bigroi.stock.dao.db.LotDaoImpl] - exection LotDaoImpl.add
2017-09-29 13:30:25,612 [INFO ][main            ][m.bigroi.stock.dao.db.LotDaoImpl] - Lot [id=27, description=evgen!!!!!!!!!!!!, poductId=1, minPrice=10.0, sallerId=1, expDate=2017-09-29, status=DRAFT, volumeOfLot=123]
2017-09-29 13:30:26,831 [INFO ][main            ][m.bigroi.stock.dao.db.LotDaoImpl] - exection LotDaoImpl.add successfully finished
